Determining if the pthread_create exist failed with the following output:
Change Dir: /home/mivia/CognitiveRobotics/pepper_ros/build/pepper_description/CMakeFiles/CMakeTmp

Run Build Command:"/usr/bin/make" "cmTC_02ab1/fast"
/usr/bin/make -f CMakeFiles/cmTC_02ab1.dir/build.make CMakeFiles/cmTC_02ab1.dir/build
make[1]: Entering directory '/home/mivia/CognitiveRobotics/pepper_ros/build/pepper_description/CMakeFiles/CMakeTmp'
Building C object CMakeFiles/cmTC_02ab1.dir/CheckSymbolExists.c.o
/usr/bin/cc    -o CMakeFiles/cmTC_02ab1.dir/CheckSymbolExists.c.o   -c /home/mivia/CognitiveRobotics/pepper_ros/build/pepper_description/CMakeFiles/CMakeTmp/CheckSymbolExists.c
Linking C executable cmTC_02ab1
/usr/bin/cmake -E cmake_link_script CMakeFiles/cmTC_02ab1.dir/link.txt --verbose=1
/usr/bin/cc      -rdynamic CMakeFiles/cmTC_02ab1.dir/CheckSymbolExists.c.o  -o cmTC_02ab1 
CMakeFiles/cmTC_02ab1.dir/CheckSymbolExists.c.o: In function `main':
CheckSymbolExists.c:(.text+0x1b): undefined reference to `pthread_create'
collect2: error: ld returned 1 exit status
CMakeFiles/cmTC_02ab1.dir/build.make:97: recipe for target 'cmTC_02ab1' failed
make[1]: *** [cmTC_02ab1] Error 1
make[1]: Leaving directory '/home/mivia/CognitiveRobotics/pepper_ros/build/pepper_description/CMakeFiles/CMakeTmp'
Makefile:126: recipe for target 'cmTC_02ab1/fast' failed
make: *** [cmTC_02ab1/fast] Error 2

File /home/mivia/CognitiveRobotics/pepper_ros/build/pepper_description/CMakeFiles/CMakeTmp/CheckSymbolExists.c:
/* */
#include <pthread.h>

int main(int argc, char** argv)
{
  (void)argv;
#ifndef pthread_create
  return ((int*)(&pthread_create))[argc];
#else
  (void)argc;
  return 0;
#endif
}

Determining if the function pthread_create exists in the pthreads failed with the following output:
Change Dir: /home/mivia/CognitiveRobotics/pepper_ros/build/pepper_description/CMakeFiles/CMakeTmp

Run Build Command:"/usr/bin/make" "cmTC_8ca40/fast"
/usr/bin/make -f CMakeFiles/cmTC_8ca40.dir/build.make CMakeFiles/cmTC_8ca40.dir/build
make[1]: Entering directory '/home/mivia/CognitiveRobotics/pepper_ros/build/pepper_description/CMakeFiles/CMakeTmp'
Building C object CMakeFiles/cmTC_8ca40.dir/CheckFunctionExists.c.o
/usr/bin/cc   -DCHECK_FUNCTION_EXISTS=pthread_create   -o CMakeFiles/cmTC_8ca40.dir/CheckFunctionExists.c.o   -c /usr/share/cmake-3.10/Modules/CheckFunctionExists.c
Linking C executable cmTC_8ca40
/usr/bin/cmake -E cmake_link_script CMakeFiles/cmTC_8ca40.dir/link.txt --verbose=1
/usr/bin/cc  -DCHECK_FUNCTION_EXISTS=pthread_create    -rdynamic CMakeFiles/cmTC_8ca40.dir/CheckFunctionExists.c.o  -o cmTC_8ca40 -lpthreads 
/usr/bin/ld: cannot find -lpthreads
collect2: error: ld returned 1 exit status
CMakeFiles/cmTC_8ca40.dir/build.make:97: recipe for target 'cmTC_8ca40' failed
make[1]: *** [cmTC_8ca40] Error 1
make[1]: Leaving directory '/home/mivia/CognitiveRobotics/pepper_ros/build/pepper_description/CMakeFiles/CMakeTmp'
Makefile:126: recipe for target 'cmTC_8ca40/fast' failed
make: *** [cmTC_8ca40/fast] Error 2


