Symlinking /home/mivia/CognitiveRobotics/pepper_ros/devel/lib/python2.7/dist-packages/speech_srv/__init__.py
Symlinking /home/mivia/CognitiveRobotics/pepper_ros/devel/lib/python2.7/dist-packages/speech_srv/srv/_Speech.py
Symlinking /home/mivia/CognitiveRobotics/pepper_ros/devel/lib/python2.7/dist-packages/speech_srv/srv/__init__.py
Symlinking /home/mivia/CognitiveRobotics/pepper_ros/devel/lib/pkgconfig/speech_srv.pc
Symlinking /home/mivia/CognitiveRobotics/pepper_ros/devel/include/speech_srv/Speech.h
Symlinking /home/mivia/CognitiveRobotics/pepper_ros/devel/include/speech_srv/SpeechResponse.h
Symlinking /home/mivia/CognitiveRobotics/pepper_ros/devel/include/speech_srv/SpeechRequest.h
Symlinking /home/mivia/CognitiveRobotics/pepper_ros/devel/share/gennodejs/ros/speech_srv/_index.js
Symlinking /home/mivia/CognitiveRobotics/pepper_ros/devel/share/gennodejs/ros/speech_srv/srv/Speech.js
Symlinking /home/mivia/CognitiveRobotics/pepper_ros/devel/share/gennodejs/ros/speech_srv/srv/_index.js
Symlinking /home/mivia/CognitiveRobotics/pepper_ros/devel/share/common-lisp/ros/speech_srv/srv/speech_srv-srv.asd
Symlinking /home/mivia/CognitiveRobotics/pepper_ros/devel/share/common-lisp/ros/speech_srv/srv/_package_Speech.lisp
Symlinking /home/mivia/CognitiveRobotics/pepper_ros/devel/share/common-lisp/ros/speech_srv/srv/Speech.lisp
Symlinking /home/mivia/CognitiveRobotics/pepper_ros/devel/share/common-lisp/ros/speech_srv/srv/_package.lisp
Symlinking /home/mivia/CognitiveRobotics/pepper_ros/devel/share/speech_srv/cmake/speech_srv-msg-extras.cmake
Symlinking /home/mivia/CognitiveRobotics/pepper_ros/devel/share/speech_srv/cmake/speech_srv-msg-paths.cmake
Symlinking /home/mivia/CognitiveRobotics/pepper_ros/devel/share/speech_srv/cmake/speech_srvConfig.cmake
Symlinking /home/mivia/CognitiveRobotics/pepper_ros/devel/share/speech_srv/cmake/speech_srvConfig-version.cmake
Symlinking /home/mivia/CognitiveRobotics/pepper_ros/devel/share/roseus/ros/speech_srv/manifest.l
Symlinking /home/mivia/CognitiveRobotics/pepper_ros/devel/share/roseus/ros/speech_srv/srv/Speech.l
