Linked: (/home/mivia/CognitiveRobotics/pepper_ros/devel/.private/speech_srv/lib/python2.7/dist-packages/speech_srv/__init__.py, /home/mivia/CognitiveRobotics/pepper_ros/devel/lib/python2.7/dist-packages/speech_srv/__init__.py)
Linked: (/home/mivia/CognitiveRobotics/pepper_ros/devel/.private/speech_srv/lib/python2.7/dist-packages/speech_srv/srv/_Speech.py, /home/mivia/CognitiveRobotics/pepper_ros/devel/lib/python2.7/dist-packages/speech_srv/srv/_Speech.py)
Linked: (/home/mivia/CognitiveRobotics/pepper_ros/devel/.private/speech_srv/lib/python2.7/dist-packages/speech_srv/srv/__init__.py, /home/mivia/CognitiveRobotics/pepper_ros/devel/lib/python2.7/dist-packages/speech_srv/srv/__init__.py)
Linked: (/home/mivia/CognitiveRobotics/pepper_ros/devel/.private/speech_srv/lib/pkgconfig/speech_srv.pc, /home/mivia/CognitiveRobotics/pepper_ros/devel/lib/pkgconfig/speech_srv.pc)
Linked: (/home/mivia/CognitiveRobotics/pepper_ros/devel/.private/speech_srv/include/speech_srv/Speech.h, /home/mivia/CognitiveRobotics/pepper_ros/devel/include/speech_srv/Speech.h)
Linked: (/home/mivia/CognitiveRobotics/pepper_ros/devel/.private/speech_srv/include/speech_srv/SpeechResponse.h, /home/mivia/CognitiveRobotics/pepper_ros/devel/include/speech_srv/SpeechResponse.h)
Linked: (/home/mivia/CognitiveRobotics/pepper_ros/devel/.private/speech_srv/include/speech_srv/SpeechRequest.h, /home/mivia/CognitiveRobotics/pepper_ros/devel/include/speech_srv/SpeechRequest.h)
Linked: (/home/mivia/CognitiveRobotics/pepper_ros/devel/.private/speech_srv/share/gennodejs/ros/speech_srv/_index.js, /home/mivia/CognitiveRobotics/pepper_ros/devel/share/gennodejs/ros/speech_srv/_index.js)
Linked: (/home/mivia/CognitiveRobotics/pepper_ros/devel/.private/speech_srv/share/gennodejs/ros/speech_srv/srv/Speech.js, /home/mivia/CognitiveRobotics/pepper_ros/devel/share/gennodejs/ros/speech_srv/srv/Speech.js)
Linked: (/home/mivia/CognitiveRobotics/pepper_ros/devel/.private/speech_srv/share/gennodejs/ros/speech_srv/srv/_index.js, /home/mivia/CognitiveRobotics/pepper_ros/devel/share/gennodejs/ros/speech_srv/srv/_index.js)
Linked: (/home/mivia/CognitiveRobotics/pepper_ros/devel/.private/speech_srv/share/common-lisp/ros/speech_srv/srv/speech_srv-srv.asd, /home/mivia/CognitiveRobotics/pepper_ros/devel/share/common-lisp/ros/speech_srv/srv/speech_srv-srv.asd)
Linked: (/home/mivia/CognitiveRobotics/pepper_ros/devel/.private/speech_srv/share/common-lisp/ros/speech_srv/srv/_package_Speech.lisp, /home/mivia/CognitiveRobotics/pepper_ros/devel/share/common-lisp/ros/speech_srv/srv/_package_Speech.lisp)
Linked: (/home/mivia/CognitiveRobotics/pepper_ros/devel/.private/speech_srv/share/common-lisp/ros/speech_srv/srv/Speech.lisp, /home/mivia/CognitiveRobotics/pepper_ros/devel/share/common-lisp/ros/speech_srv/srv/Speech.lisp)
Linked: (/home/mivia/CognitiveRobotics/pepper_ros/devel/.private/speech_srv/share/common-lisp/ros/speech_srv/srv/_package.lisp, /home/mivia/CognitiveRobotics/pepper_ros/devel/share/common-lisp/ros/speech_srv/srv/_package.lisp)
Linked: (/home/mivia/CognitiveRobotics/pepper_ros/devel/.private/speech_srv/share/speech_srv/cmake/speech_srv-msg-extras.cmake, /home/mivia/CognitiveRobotics/pepper_ros/devel/share/speech_srv/cmake/speech_srv-msg-extras.cmake)
Linked: (/home/mivia/CognitiveRobotics/pepper_ros/devel/.private/speech_srv/share/speech_srv/cmake/speech_srv-msg-paths.cmake, /home/mivia/CognitiveRobotics/pepper_ros/devel/share/speech_srv/cmake/speech_srv-msg-paths.cmake)
Linked: (/home/mivia/CognitiveRobotics/pepper_ros/devel/.private/speech_srv/share/speech_srv/cmake/speech_srvConfig.cmake, /home/mivia/CognitiveRobotics/pepper_ros/devel/share/speech_srv/cmake/speech_srvConfig.cmake)
Linked: (/home/mivia/CognitiveRobotics/pepper_ros/devel/.private/speech_srv/share/speech_srv/cmake/speech_srvConfig-version.cmake, /home/mivia/CognitiveRobotics/pepper_ros/devel/share/speech_srv/cmake/speech_srvConfig-version.cmake)
Linked: (/home/mivia/CognitiveRobotics/pepper_ros/devel/.private/speech_srv/share/roseus/ros/speech_srv/manifest.l, /home/mivia/CognitiveRobotics/pepper_ros/devel/share/roseus/ros/speech_srv/manifest.l)
Linked: (/home/mivia/CognitiveRobotics/pepper_ros/devel/.private/speech_srv/share/roseus/ros/speech_srv/srv/Speech.l, /home/mivia/CognitiveRobotics/pepper_ros/devel/share/roseus/ros/speech_srv/srv/Speech.l)
