Determining if the pthread_create exist failed with the following output:
Change Dir: /home/gianluca/Desktop/Università/CogRob/pepper_ros/pepper_ros/build/move_srv/CMakeFiles/CMakeTmp

Run Build Command:"/usr/bin/make" "cmTC_48cef/fast"
/usr/bin/make -f CMakeFiles/cmTC_48cef.dir/build.make CMakeFiles/cmTC_48cef.dir/build
make[1]: Entering directory '/home/gianluca/Desktop/Università/CogRob/pepper_ros/pepper_ros/build/move_srv/CMakeFiles/CMakeTmp'
Building C object CMakeFiles/cmTC_48cef.dir/CheckSymbolExists.c.o
/usr/bin/cc    -o CMakeFiles/cmTC_48cef.dir/CheckSymbolExists.c.o   -c /home/gianluca/Desktop/Università/CogRob/pepper_ros/pepper_ros/build/move_srv/CMakeFiles/CMakeTmp/CheckSymbolExists.c
Linking C executable cmTC_48cef
/usr/bin/cmake -E cmake_link_script CMakeFiles/cmTC_48cef.dir/link.txt --verbose=1
/usr/bin/cc      -rdynamic CMakeFiles/cmTC_48cef.dir/CheckSymbolExists.c.o  -o cmTC_48cef 
CMakeFiles/cmTC_48cef.dir/CheckSymbolExists.c.o: In function `main':
CheckSymbolExists.c:(.text+0x1b): undefined reference to `pthread_create'
collect2: error: ld returned 1 exit status
CMakeFiles/cmTC_48cef.dir/build.make:97: recipe for target 'cmTC_48cef' failed
make[1]: *** [cmTC_48cef] Error 1
make[1]: Leaving directory '/home/gianluca/Desktop/Università/CogRob/pepper_ros/pepper_ros/build/move_srv/CMakeFiles/CMakeTmp'
Makefile:126: recipe for target 'cmTC_48cef/fast' failed
make: *** [cmTC_48cef/fast] Error 2

File /home/gianluca/Desktop/Università/CogRob/pepper_ros/pepper_ros/build/move_srv/CMakeFiles/CMakeTmp/CheckSymbolExists.c:
/* */
#include <pthread.h>

int main(int argc, char** argv)
{
  (void)argv;
#ifndef pthread_create
  return ((int*)(&pthread_create))[argc];
#else
  (void)argc;
  return 0;
#endif
}

Determining if the function pthread_create exists in the pthreads failed with the following output:
Change Dir: /home/gianluca/Desktop/Università/CogRob/pepper_ros/pepper_ros/build/move_srv/CMakeFiles/CMakeTmp

Run Build Command:"/usr/bin/make" "cmTC_c631c/fast"
/usr/bin/make -f CMakeFiles/cmTC_c631c.dir/build.make CMakeFiles/cmTC_c631c.dir/build
make[1]: Entering directory '/home/gianluca/Desktop/Università/CogRob/pepper_ros/pepper_ros/build/move_srv/CMakeFiles/CMakeTmp'
Building C object CMakeFiles/cmTC_c631c.dir/CheckFunctionExists.c.o
/usr/bin/cc   -DCHECK_FUNCTION_EXISTS=pthread_create   -o CMakeFiles/cmTC_c631c.dir/CheckFunctionExists.c.o   -c /usr/share/cmake-3.10/Modules/CheckFunctionExists.c
Linking C executable cmTC_c631c
/usr/bin/cmake -E cmake_link_script CMakeFiles/cmTC_c631c.dir/link.txt --verbose=1
/usr/bin/cc  -DCHECK_FUNCTION_EXISTS=pthread_create    -rdynamic CMakeFiles/cmTC_c631c.dir/CheckFunctionExists.c.o  -o cmTC_c631c -lpthreads 
/usr/bin/ld: cannot find -lpthreads
collect2: error: ld returned 1 exit status
CMakeFiles/cmTC_c631c.dir/build.make:97: recipe for target 'cmTC_c631c' failed
make[1]: *** [cmTC_c631c] Error 1
make[1]: Leaving directory '/home/gianluca/Desktop/Università/CogRob/pepper_ros/pepper_ros/build/move_srv/CMakeFiles/CMakeTmp'
Makefile:126: recipe for target 'cmTC_c631c/fast' failed
make: *** [cmTC_c631c/fast] Error 2


