Linked: (/home/mivia/CognitiveRobotics/pepper_ros/devel/.private/move_srv/lib/python2.7/dist-packages/move_srv/__init__.py, /home/mivia/CognitiveRobotics/pepper_ros/devel/lib/python2.7/dist-packages/move_srv/__init__.py)
Linked: (/home/mivia/CognitiveRobotics/pepper_ros/devel/.private/move_srv/lib/python2.7/dist-packages/move_srv/srv/_Move.py, /home/mivia/CognitiveRobotics/pepper_ros/devel/lib/python2.7/dist-packages/move_srv/srv/_Move.py)
Linked: (/home/mivia/CognitiveRobotics/pepper_ros/devel/.private/move_srv/lib/python2.7/dist-packages/move_srv/srv/__init__.py, /home/mivia/CognitiveRobotics/pepper_ros/devel/lib/python2.7/dist-packages/move_srv/srv/__init__.py)
Linked: (/home/mivia/CognitiveRobotics/pepper_ros/devel/.private/move_srv/lib/pkgconfig/move_srv.pc, /home/mivia/CognitiveRobotics/pepper_ros/devel/lib/pkgconfig/move_srv.pc)
Linked: (/home/mivia/CognitiveRobotics/pepper_ros/devel/.private/move_srv/include/move_srv/Move.h, /home/mivia/CognitiveRobotics/pepper_ros/devel/include/move_srv/Move.h)
Linked: (/home/mivia/CognitiveRobotics/pepper_ros/devel/.private/move_srv/include/move_srv/MoveResponse.h, /home/mivia/CognitiveRobotics/pepper_ros/devel/include/move_srv/MoveResponse.h)
Linked: (/home/mivia/CognitiveRobotics/pepper_ros/devel/.private/move_srv/include/move_srv/MoveRequest.h, /home/mivia/CognitiveRobotics/pepper_ros/devel/include/move_srv/MoveRequest.h)
Linked: (/home/mivia/CognitiveRobotics/pepper_ros/devel/.private/move_srv/share/gennodejs/ros/move_srv/_index.js, /home/mivia/CognitiveRobotics/pepper_ros/devel/share/gennodejs/ros/move_srv/_index.js)
Linked: (/home/mivia/CognitiveRobotics/pepper_ros/devel/.private/move_srv/share/gennodejs/ros/move_srv/srv/Move.js, /home/mivia/CognitiveRobotics/pepper_ros/devel/share/gennodejs/ros/move_srv/srv/Move.js)
Linked: (/home/mivia/CognitiveRobotics/pepper_ros/devel/.private/move_srv/share/gennodejs/ros/move_srv/srv/_index.js, /home/mivia/CognitiveRobotics/pepper_ros/devel/share/gennodejs/ros/move_srv/srv/_index.js)
Linked: (/home/mivia/CognitiveRobotics/pepper_ros/devel/.private/move_srv/share/move_srv/cmake/move_srvConfig-version.cmake, /home/mivia/CognitiveRobotics/pepper_ros/devel/share/move_srv/cmake/move_srvConfig-version.cmake)
Linked: (/home/mivia/CognitiveRobotics/pepper_ros/devel/.private/move_srv/share/move_srv/cmake/move_srv-msg-paths.cmake, /home/mivia/CognitiveRobotics/pepper_ros/devel/share/move_srv/cmake/move_srv-msg-paths.cmake)
Linked: (/home/mivia/CognitiveRobotics/pepper_ros/devel/.private/move_srv/share/move_srv/cmake/move_srv-msg-extras.cmake, /home/mivia/CognitiveRobotics/pepper_ros/devel/share/move_srv/cmake/move_srv-msg-extras.cmake)
Linked: (/home/mivia/CognitiveRobotics/pepper_ros/devel/.private/move_srv/share/move_srv/cmake/move_srvConfig.cmake, /home/mivia/CognitiveRobotics/pepper_ros/devel/share/move_srv/cmake/move_srvConfig.cmake)
Linked: (/home/mivia/CognitiveRobotics/pepper_ros/devel/.private/move_srv/share/common-lisp/ros/move_srv/srv/_package_Move.lisp, /home/mivia/CognitiveRobotics/pepper_ros/devel/share/common-lisp/ros/move_srv/srv/_package_Move.lisp)
Linked: (/home/mivia/CognitiveRobotics/pepper_ros/devel/.private/move_srv/share/common-lisp/ros/move_srv/srv/Move.lisp, /home/mivia/CognitiveRobotics/pepper_ros/devel/share/common-lisp/ros/move_srv/srv/Move.lisp)
Linked: (/home/mivia/CognitiveRobotics/pepper_ros/devel/.private/move_srv/share/common-lisp/ros/move_srv/srv/move_srv-srv.asd, /home/mivia/CognitiveRobotics/pepper_ros/devel/share/common-lisp/ros/move_srv/srv/move_srv-srv.asd)
Linked: (/home/mivia/CognitiveRobotics/pepper_ros/devel/.private/move_srv/share/common-lisp/ros/move_srv/srv/_package.lisp, /home/mivia/CognitiveRobotics/pepper_ros/devel/share/common-lisp/ros/move_srv/srv/_package.lisp)
Linked: (/home/mivia/CognitiveRobotics/pepper_ros/devel/.private/move_srv/share/roseus/ros/move_srv/manifest.l, /home/mivia/CognitiveRobotics/pepper_ros/devel/share/roseus/ros/move_srv/manifest.l)
Linked: (/home/mivia/CognitiveRobotics/pepper_ros/devel/.private/move_srv/share/roseus/ros/move_srv/srv/Move.l, /home/mivia/CognitiveRobotics/pepper_ros/devel/share/roseus/ros/move_srv/srv/Move.l)
