Symlinking /home/gianluca/Desktop/CogRob/pepper_ros/devel/share/roseus/ros/move_srv/manifest.l
Symlinking /home/gianluca/Desktop/CogRob/pepper_ros/devel/share/roseus/ros/move_srv/srv/Move.l
Symlinking /home/gianluca/Desktop/CogRob/pepper_ros/devel/share/gennodejs/ros/move_srv/_index.js
Symlinking /home/gianluca/Desktop/CogRob/pepper_ros/devel/share/gennodejs/ros/move_srv/srv/Move.js
Symlinking /home/gianluca/Desktop/CogRob/pepper_ros/devel/share/gennodejs/ros/move_srv/srv/_index.js
Symlinking /home/gianluca/Desktop/CogRob/pepper_ros/devel/share/common-lisp/ros/move_srv/srv/Move.lisp
Symlinking /home/gianluca/Desktop/CogRob/pepper_ros/devel/share/common-lisp/ros/move_srv/srv/_package_Move.lisp
Symlinking /home/gianluca/Desktop/CogRob/pepper_ros/devel/share/common-lisp/ros/move_srv/srv/move_srv-srv.asd
Symlinking /home/gianluca/Desktop/CogRob/pepper_ros/devel/share/common-lisp/ros/move_srv/srv/_package.lisp
Symlinking /home/gianluca/Desktop/CogRob/pepper_ros/devel/share/move_srv/cmake/move_srv-msg-paths.cmake
Symlinking /home/gianluca/Desktop/CogRob/pepper_ros/devel/share/move_srv/cmake/move_srvConfig.cmake
Symlinking /home/gianluca/Desktop/CogRob/pepper_ros/devel/share/move_srv/cmake/move_srv-msg-extras.cmake
Symlinking /home/gianluca/Desktop/CogRob/pepper_ros/devel/share/move_srv/cmake/move_srvConfig-version.cmake
Symlinking /home/gianluca/Desktop/CogRob/pepper_ros/devel/lib/python2.7/dist-packages/move_srv/__init__.py
Symlinking /home/gianluca/Desktop/CogRob/pepper_ros/devel/lib/python2.7/dist-packages/move_srv/srv/_Move.py
Symlinking /home/gianluca/Desktop/CogRob/pepper_ros/devel/lib/python2.7/dist-packages/move_srv/srv/__init__.py
Symlinking /home/gianluca/Desktop/CogRob/pepper_ros/devel/lib/pkgconfig/move_srv.pc
Symlinking /home/gianluca/Desktop/CogRob/pepper_ros/devel/include/move_srv/MoveRequest.h
Symlinking /home/gianluca/Desktop/CogRob/pepper_ros/devel/include/move_srv/MoveResponse.h
Symlinking /home/gianluca/Desktop/CogRob/pepper_ros/devel/include/move_srv/Move.h
