Determining if the pthread_create exist failed with the following output:
Change Dir: /home/gianluca/Desktop/CogRob/pepper_ros/build/naoqi_pose/CMakeFiles/CMakeTmp

Run Build Command:"/usr/bin/make" "cmTC_cc2bd/fast"
/usr/bin/make -f CMakeFiles/cmTC_cc2bd.dir/build.make CMakeFiles/cmTC_cc2bd.dir/build
make[1]: Entering directory '/home/gianluca/Desktop/CogRob/pepper_ros/build/naoqi_pose/CMakeFiles/CMakeTmp'
Building C object CMakeFiles/cmTC_cc2bd.dir/CheckSymbolExists.c.o
/usr/bin/cc    -o CMakeFiles/cmTC_cc2bd.dir/CheckSymbolExists.c.o   -c /home/gianluca/Desktop/CogRob/pepper_ros/build/naoqi_pose/CMakeFiles/CMakeTmp/CheckSymbolExists.c
Linking C executable cmTC_cc2bd
/usr/bin/cmake -E cmake_link_script CMakeFiles/cmTC_cc2bd.dir/link.txt --verbose=1
/usr/bin/cc      -rdynamic CMakeFiles/cmTC_cc2bd.dir/CheckSymbolExists.c.o  -o cmTC_cc2bd 
CMakeFiles/cmTC_cc2bd.dir/CheckSymbolExists.c.o: In function `main':
CheckSymbolExists.c:(.text+0x1b): undefined reference to `pthread_create'
collect2: error: ld returned 1 exit status
CMakeFiles/cmTC_cc2bd.dir/build.make:97: recipe for target 'cmTC_cc2bd' failed
make[1]: *** [cmTC_cc2bd] Error 1
make[1]: Leaving directory '/home/gianluca/Desktop/CogRob/pepper_ros/build/naoqi_pose/CMakeFiles/CMakeTmp'
Makefile:126: recipe for target 'cmTC_cc2bd/fast' failed
make: *** [cmTC_cc2bd/fast] Error 2

File /home/gianluca/Desktop/CogRob/pepper_ros/build/naoqi_pose/CMakeFiles/CMakeTmp/CheckSymbolExists.c:
/* */
#include <pthread.h>

int main(int argc, char** argv)
{
  (void)argv;
#ifndef pthread_create
  return ((int*)(&pthread_create))[argc];
#else
  (void)argc;
  return 0;
#endif
}

Determining if the function pthread_create exists in the pthreads failed with the following output:
Change Dir: /home/gianluca/Desktop/CogRob/pepper_ros/build/naoqi_pose/CMakeFiles/CMakeTmp

Run Build Command:"/usr/bin/make" "cmTC_cf680/fast"
/usr/bin/make -f CMakeFiles/cmTC_cf680.dir/build.make CMakeFiles/cmTC_cf680.dir/build
make[1]: Entering directory '/home/gianluca/Desktop/CogRob/pepper_ros/build/naoqi_pose/CMakeFiles/CMakeTmp'
Building C object CMakeFiles/cmTC_cf680.dir/CheckFunctionExists.c.o
/usr/bin/cc   -DCHECK_FUNCTION_EXISTS=pthread_create   -o CMakeFiles/cmTC_cf680.dir/CheckFunctionExists.c.o   -c /usr/share/cmake-3.10/Modules/CheckFunctionExists.c
Linking C executable cmTC_cf680
/usr/bin/cmake -E cmake_link_script CMakeFiles/cmTC_cf680.dir/link.txt --verbose=1
/usr/bin/cc  -DCHECK_FUNCTION_EXISTS=pthread_create    -rdynamic CMakeFiles/cmTC_cf680.dir/CheckFunctionExists.c.o  -o cmTC_cf680 -lpthreads 
/usr/bin/ld: cannot find -lpthreads
collect2: error: ld returned 1 exit status
CMakeFiles/cmTC_cf680.dir/build.make:97: recipe for target 'cmTC_cf680' failed
make[1]: *** [cmTC_cf680] Error 1
make[1]: Leaving directory '/home/gianluca/Desktop/CogRob/pepper_ros/build/naoqi_pose/CMakeFiles/CMakeTmp'
Makefile:126: recipe for target 'cmTC_cf680/fast' failed
make: *** [cmTC_cf680/fast] Error 2


