Determining if the pthread_create exist failed with the following output:
Change Dir: /home/gianluca/Desktop/Università/CogRob/pepper_ros/pepper_ros/build/catkin_tools_prebuild/CMakeFiles/CMakeTmp

Run Build Command:"/usr/bin/make" "cmTC_b0aee/fast"
/usr/bin/make -f CMakeFiles/cmTC_b0aee.dir/build.make CMakeFiles/cmTC_b0aee.dir/build
make[1]: Entering directory '/home/gianluca/Desktop/Università/CogRob/pepper_ros/pepper_ros/build/catkin_tools_prebuild/CMakeFiles/CMakeTmp'
Building C object CMakeFiles/cmTC_b0aee.dir/CheckSymbolExists.c.o
/usr/bin/cc    -o CMakeFiles/cmTC_b0aee.dir/CheckSymbolExists.c.o   -c /home/gianluca/Desktop/Università/CogRob/pepper_ros/pepper_ros/build/catkin_tools_prebuild/CMakeFiles/CMakeTmp/CheckSymbolExists.c
Linking C executable cmTC_b0aee
/usr/bin/cmake -E cmake_link_script CMakeFiles/cmTC_b0aee.dir/link.txt --verbose=1
/usr/bin/cc      -rdynamic CMakeFiles/cmTC_b0aee.dir/CheckSymbolExists.c.o  -o cmTC_b0aee 
CMakeFiles/cmTC_b0aee.dir/CheckSymbolExists.c.o: In function `main':
CheckSymbolExists.c:(.text+0x1b): undefined reference to `pthread_create'
collect2: error: ld returned 1 exit status
CMakeFiles/cmTC_b0aee.dir/build.make:97: recipe for target 'cmTC_b0aee' failed
make[1]: *** [cmTC_b0aee] Error 1
make[1]: Leaving directory '/home/gianluca/Desktop/Università/CogRob/pepper_ros/pepper_ros/build/catkin_tools_prebuild/CMakeFiles/CMakeTmp'
Makefile:126: recipe for target 'cmTC_b0aee/fast' failed
make: *** [cmTC_b0aee/fast] Error 2

File /home/gianluca/Desktop/Università/CogRob/pepper_ros/pepper_ros/build/catkin_tools_prebuild/CMakeFiles/CMakeTmp/CheckSymbolExists.c:
/* */
#include <pthread.h>

int main(int argc, char** argv)
{
  (void)argv;
#ifndef pthread_create
  return ((int*)(&pthread_create))[argc];
#else
  (void)argc;
  return 0;
#endif
}

Determining if the function pthread_create exists in the pthreads failed with the following output:
Change Dir: /home/gianluca/Desktop/Università/CogRob/pepper_ros/pepper_ros/build/catkin_tools_prebuild/CMakeFiles/CMakeTmp

Run Build Command:"/usr/bin/make" "cmTC_955fc/fast"
/usr/bin/make -f CMakeFiles/cmTC_955fc.dir/build.make CMakeFiles/cmTC_955fc.dir/build
make[1]: Entering directory '/home/gianluca/Desktop/Università/CogRob/pepper_ros/pepper_ros/build/catkin_tools_prebuild/CMakeFiles/CMakeTmp'
Building C object CMakeFiles/cmTC_955fc.dir/CheckFunctionExists.c.o
/usr/bin/cc   -DCHECK_FUNCTION_EXISTS=pthread_create   -o CMakeFiles/cmTC_955fc.dir/CheckFunctionExists.c.o   -c /usr/share/cmake-3.10/Modules/CheckFunctionExists.c
Linking C executable cmTC_955fc
/usr/bin/cmake -E cmake_link_script CMakeFiles/cmTC_955fc.dir/link.txt --verbose=1
/usr/bin/cc  -DCHECK_FUNCTION_EXISTS=pthread_create    -rdynamic CMakeFiles/cmTC_955fc.dir/CheckFunctionExists.c.o  -o cmTC_955fc -lpthreads 
/usr/bin/ld: cannot find -lpthreads
collect2: error: ld returned 1 exit status
CMakeFiles/cmTC_955fc.dir/build.make:97: recipe for target 'cmTC_955fc' failed
make[1]: *** [cmTC_955fc] Error 1
make[1]: Leaving directory '/home/gianluca/Desktop/Università/CogRob/pepper_ros/pepper_ros/build/catkin_tools_prebuild/CMakeFiles/CMakeTmp'
Makefile:126: recipe for target 'cmTC_955fc/fast' failed
make: *** [cmTC_955fc/fast] Error 2


