[35m[1mScanning dependencies of target _naoqi_bridge_msgs_generate_messages_check_deps_RunBehaviorAction[0m
[  0%] Built target _naoqi_bridge_msgs_generate_messages_check_deps_RunBehaviorAction
[35m[1mScanning dependencies of target _naoqi_bridge_msgs_generate_messages_check_deps_StringStamped[0m
[  0%] Built target _naoqi_bridge_msgs_generate_messages_check_deps_StringStamped
[35m[1mScanning dependencies of target _naoqi_bridge_msgs_generate_messages_check_deps_TangentialSecurityDistance[0m
[  0%] Built target _naoqi_bridge_msgs_generate_messages_check_deps_TangentialSecurityDistance
[35m[1mScanning dependencies of target _naoqi_bridge_msgs_generate_messages_check_deps_BlinkAction[0m
[  0%] Built target _naoqi_bridge_msgs_generate_messages_check_deps_BlinkAction
[35m[1mScanning dependencies of target _naoqi_bridge_msgs_generate_messages_check_deps_OrthogonalSecurityDistance[0m
[  0%] Built target _naoqi_bridge_msgs_generate_messages_check_deps_OrthogonalSecurityDistance
[35m[1mScanning dependencies of target _naoqi_bridge_msgs_generate_messages_check_deps_MemoryPairFloat[0m
[  0%] Built target _naoqi_bridge_msgs_generate_messages_check_deps_MemoryPairFloat
[35m[1mScanning dependencies of target _naoqi_bridge_msgs_generate_messages_check_deps_GetInstalledBehaviors[0m
[  0%] Built target _naoqi_bridge_msgs_generate_messages_check_deps_GetInstalledBehaviors
[35m[1mScanning dependencies of target _naoqi_bridge_msgs_generate_messages_check_deps_GetFloat[0m
[  0%] Built target _naoqi_bridge_msgs_generate_messages_check_deps_GetFloat
[35m[1mScanning dependencies of target _naoqi_bridge_msgs_generate_messages_check_deps_JointTrajectoryResult[0m
[  0%] Built target _naoqi_bridge_msgs_generate_messages_check_deps_JointTrajectoryResult
[35m[1mScanning dependencies of target _naoqi_bridge_msgs_generate_messages_check_deps_BodyPoseActionResult[0m
[  0%] Built target _naoqi_bridge_msgs_generate_messages_check_deps_BodyPoseActionResult
[35m[1mScanning dependencies of target _naoqi_bridge_msgs_generate_messages_check_deps_BlinkActionFeedback[0m
[  0%] Built target _naoqi_bridge_msgs_generate_messages_check_deps_BlinkActionFeedback
[35m[1mScanning dependencies of target _naoqi_bridge_msgs_generate_messages_check_deps_BodyPoseFeedback[0m
[  0%] Built target _naoqi_bridge_msgs_generate_messages_check_deps_BodyPoseFeedback
[35m[1mScanning dependencies of target _naoqi_bridge_msgs_generate_messages_check_deps_BodyPoseAction[0m
[  0%] Built target _naoqi_bridge_msgs_generate_messages_check_deps_BodyPoseAction
[35m[1mScanning dependencies of target _naoqi_bridge_msgs_generate_messages_check_deps_BodyPoseWithSpeedActionFeedback[0m
[  0%] Built target _naoqi_bridge_msgs_generate_messages_check_deps_BodyPoseWithSpeedActionFeedback
[35m[1mScanning dependencies of target _naoqi_bridge_msgs_generate_messages_check_deps_SetSpeechVocabularyActionFeedback[0m
[35m[1mScanning dependencies of target _naoqi_bridge_msgs_generate_messages_check_deps_CmdVelService[0m
[  0%] Built target _naoqi_bridge_msgs_generate_messages_check_deps_SetSpeechVocabularyActionFeedback
[35m[1mScanning dependencies of target _naoqi_bridge_msgs_generate_messages_check_deps_RunBehaviorActionResult[0m
[  0%] Built target _naoqi_bridge_msgs_generate_messages_check_deps_CmdVelService
[35m[1mScanning dependencies of target _naoqi_bridge_msgs_generate_messages_check_deps_IntArrayStamped[0m
[  0%] Built target _naoqi_bridge_msgs_generate_messages_check_deps_RunBehaviorActionResult
[35m[1mScanning dependencies of target _naoqi_bridge_msgs_generate_messages_check_deps_SpeechWithFeedbackActionResult[0m
[  0%] Built target _naoqi_bridge_msgs_generate_messages_check_deps_IntArrayStamped
[  0%] Built target _naoqi_bridge_msgs_generate_messages_check_deps_SpeechWithFeedbackActionResult
[35m[1mScanning dependencies of target _naoqi_bridge_msgs_generate_messages_check_deps_HeadTouch[0m
[35m[1mScanning dependencies of target _naoqi_bridge_msgs_generate_messages_check_deps_JointAnglesWithSpeedActionGoal[0m
[  0%] Built target _naoqi_bridge_msgs_generate_messages_check_deps_HeadTouch
[  0%] Built target _naoqi_bridge_msgs_generate_messages_check_deps_JointAnglesWithSpeedActionGoal
[35m[1mScanning dependencies of target _naoqi_bridge_msgs_generate_messages_check_deps_StatusChangeStamped[0m
[35m[1mScanning dependencies of target _naoqi_bridge_msgs_generate_messages_check_deps_MemoryPairString[0m
[  0%] Built target _naoqi_bridge_msgs_generate_messages_check_deps_StatusChangeStamped
[  0%] Built target _naoqi_bridge_msgs_generate_messages_check_deps_MemoryPairString
[35m[1mScanning dependencies of target _naoqi_bridge_msgs_generate_messages_check_deps_BlinkActionGoal[0m
[35m[1mScanning dependencies of target _naoqi_bridge_msgs_generate_messages_check_deps_BlinkGoal[0m
[35m[1mScanning dependencies of target _naoqi_bridge_msgs_generate_messages_check_deps_FollowPathResult[0m
[  0%] Built target _naoqi_bridge_msgs_generate_messages_check_deps_BlinkActionGoal
[  0%] Built target _naoqi_bridge_msgs_generate_messages_check_deps_BlinkGoal
[35m[1mScanning dependencies of target _naoqi_bridge_msgs_generate_messages_check_deps_MemoryList[0m
[35m[1mScanning dependencies of target std_msgs_generate_messages_nodejs[0m
[  0%] Built target std_msgs_generate_messages_nodejs
[35m[1mScanning dependencies of target _naoqi_bridge_msgs_generate_messages_check_deps_JointTrajectoryActionGoal[0m
[  0%] Built target _naoqi_bridge_msgs_generate_messages_check_deps_FollowPathResult
[  0%] Built target _naoqi_bridge_msgs_generate_messages_check_deps_MemoryList
[35m[1mScanning dependencies of target _naoqi_bridge_msgs_generate_messages_check_deps_JointTrajectoryAction[0m
[35m[1mScanning dependencies of target _naoqi_bridge_msgs_generate_messages_check_deps_SetTransform[0m
[  0%] Built target _naoqi_bridge_msgs_generate_messages_check_deps_JointTrajectoryActionGoal
[35m[1mScanning dependencies of target _naoqi_bridge_msgs_generate_messages_check_deps_SetSpeechVocabularyFeedback[0m
[  0%] Built target _naoqi_bridge_msgs_generate_messages_check_deps_JointTrajectoryAction
[35m[1mScanning dependencies of target _naoqi_bridge_msgs_generate_messages_check_deps_BodyPoseWithSpeedGoal[0m
[  0%] Built target _naoqi_bridge_msgs_generate_messages_check_deps_SetTransform
[35m[1mScanning dependencies of target _naoqi_bridge_msgs_generate_messages_check_deps_JointAnglesWithSpeedResult[0m
[35m[1mScanning dependencies of target _naoqi_bridge_msgs_generate_messages_check_deps_JointTrajectoryFeedback[0m
[  0%] Built target _naoqi_bridge_msgs_generate_messages_check_deps_SetSpeechVocabularyFeedback
[  0%] Built target _naoqi_bridge_msgs_generate_messages_check_deps_BodyPoseWithSpeedGoal
[35m[1mScanning dependencies of target _naoqi_bridge_msgs_generate_messages_check_deps_IntStamped[0m
[35m[1mScanning dependencies of target _naoqi_bridge_msgs_generate_messages_check_deps_GetString[0m
[  0%] Built target _naoqi_bridge_msgs_generate_messages_check_deps_JointAnglesWithSpeedResult
[  0%] Built target _naoqi_bridge_msgs_generate_messages_check_deps_JointTrajectoryFeedback
[35m[1mScanning dependencies of target _naoqi_bridge_msgs_generate_messages_check_deps_BodyPoseActionGoal[0m
[35m[1mScanning dependencies of target _naoqi_bridge_msgs_generate_messages_check_deps_SetSpeechVocabularyActionResult[0m
[  0%] Built target _naoqi_bridge_msgs_generate_messages_check_deps_IntStamped
[35m[1mScanning dependencies of target _naoqi_bridge_msgs_generate_messages_check_deps_RobotInfo[0m
[  0%] Built target _naoqi_bridge_msgs_generate_messages_check_deps_GetString
[  0%] Built target _naoqi_bridge_msgs_generate_messages_check_deps_SetSpeechVocabularyActionResult
[  0%] Built target _naoqi_bridge_msgs_generate_messages_check_deps_BodyPoseActionGoal
[35m[1mScanning dependencies of target _naoqi_bridge_msgs_generate_messages_check_deps_JointAnglesWithSpeedActionFeedback[0m
[35m[1mScanning dependencies of target _naoqi_bridge_msgs_generate_messages_check_deps_SetFloat[0m
[35m[1mScanning dependencies of target _naoqi_bridge_msgs_generate_messages_check_deps_WordRecognized[0m
[  0%] Built target _naoqi_bridge_msgs_generate_messages_check_deps_RobotInfo
[35m[1mScanning dependencies of target _naoqi_bridge_msgs_generate_messages_check_deps_SetArmsEnabled[0m
[  0%] Built target _naoqi_bridge_msgs_generate_messages_check_deps_JointAnglesWithSpeedActionFeedback
[  0%] Built target _naoqi_bridge_msgs_generate_messages_check_deps_SetFloat
[35m[1mScanning dependencies of target _naoqi_bridge_msgs_generate_messages_check_deps_RunBehaviorResult[0m
[  0%] Built target _naoqi_bridge_msgs_generate_messages_check_deps_WordRecognized
[35m[1mScanning dependencies of target _naoqi_bridge_msgs_generate_messages_check_deps_JointTrajectoryActionResult[0m
[35m[1mScanning dependencies of target _naoqi_bridge_msgs_generate_messages_check_deps_SpeechWithFeedbackAction[0m
[  0%] Built target _naoqi_bridge_msgs_generate_messages_check_deps_SetArmsEnabled
[35m[1mScanning dependencies of target _naoqi_bridge_msgs_generate_messages_check_deps_FloatArrayStamped[0m
[  0%] Built target _naoqi_bridge_msgs_generate_messages_check_deps_RunBehaviorResult
[35m[1mScanning dependencies of target _naoqi_bridge_msgs_generate_messages_check_deps_GetFacesROI[0m
[  0%] Built target _naoqi_bridge_msgs_generate_messages_check_deps_SpeechWithFeedbackAction
[  0%] Built target _naoqi_bridge_msgs_generate_messages_check_deps_JointTrajectoryActionResult
[  0%] Built target _naoqi_bridge_msgs_generate_messages_check_deps_FloatArrayStamped
[35m[1mScanning dependencies of target _naoqi_bridge_msgs_generate_messages_check_deps_BodyROI[0m
[35m[1mScanning dependencies of target _naoqi_bridge_msgs_generate_messages_check_deps_BlinkActionResult[0m
[35m[1mScanning dependencies of target _naoqi_bridge_msgs_generate_messages_check_deps_StringArrayStamped[0m
[  0%] Built target _naoqi_bridge_msgs_generate_messages_check_deps_GetFacesROI
[35m[1mScanning dependencies of target _naoqi_bridge_msgs_generate_messages_check_deps_FollowPathFeedback[0m
[  0%] Built target _naoqi_bridge_msgs_generate_messages_check_deps_BodyROI
[  0%] Built target _naoqi_bridge_msgs_generate_messages_check_deps_BlinkActionResult
[  0%] Built target _naoqi_bridge_msgs_generate_messages_check_deps_StringArrayStamped
[35m[1mScanning dependencies of target nav_msgs_generate_messages_nodejs[0m
[35m[1mScanning dependencies of target _naoqi_bridge_msgs_generate_messages_check_deps_BlinkResult[0m
[35m[1mScanning dependencies of target _naoqi_bridge_msgs_generate_messages_check_deps_SetString[0m
[  0%] Built target nav_msgs_generate_messages_nodejs
[35m[1mScanning dependencies of target _naoqi_bridge_msgs_generate_messages_check_deps_SpeechWithFeedbackFeedback[0m
[  0%] Built target _naoqi_bridge_msgs_generate_messages_check_deps_FollowPathFeedback
[35m[1mScanning dependencies of target _naoqi_bridge_msgs_generate_messages_check_deps_RunBehaviorActionGoal[0m
[  0%] Built target _naoqi_bridge_msgs_generate_messages_check_deps_SetString
[  0%] Built target _naoqi_bridge_msgs_generate_messages_check_deps_BlinkResult
[35m[1mScanning dependencies of target _naoqi_bridge_msgs_generate_messages_check_deps_SetSpeechVocabularyAction[0m
[35m[1mScanning dependencies of target _naoqi_bridge_msgs_generate_messages_check_deps_JointAnglesWithSpeedActionResult[0m
[  0%] Built target _naoqi_bridge_msgs_generate_messages_check_deps_SpeechWithFeedbackFeedback
[35m[1mScanning dependencies of target _naoqi_bridge_msgs_generate_messages_check_deps_BodyPoseWithSpeedFeedback[0m
[  0%] Built target _naoqi_bridge_msgs_generate_messages_check_deps_RunBehaviorActionGoal
[35m[1mScanning dependencies of target _naoqi_bridge_msgs_generate_messages_check_deps_SpeechWithFeedbackActionGoal[0m
[  0%] Built target _naoqi_bridge_msgs_generate_messages_check_deps_SetSpeechVocabularyAction
[  0%] Built target _naoqi_bridge_msgs_generate_messages_check_deps_JointAnglesWithSpeedActionResult
[35m[1mScanning dependencies of target _naoqi_bridge_msgs_generate_messages_check_deps_EventStamped[0m
[35m[1mScanning dependencies of target _naoqi_bridge_msgs_generate_messages_check_deps_SetSpeechVocabularyActionGoal[0m
[  0%] Built target _naoqi_bridge_msgs_generate_messages_check_deps_BodyPoseWithSpeedFeedback
[  0%] Built target _naoqi_bridge_msgs_generate_messages_check_deps_SpeechWithFeedbackActionGoal
[35m[1mScanning dependencies of target _naoqi_bridge_msgs_generate_messages_check_deps_FollowPathGoal[0m
[  0%] Built target _naoqi_bridge_msgs_generate_messages_check_deps_EventStamped
[35m[1mScanning dependencies of target _naoqi_bridge_msgs_generate_messages_check_deps_HandTouch[0m
[  0%] Built target _naoqi_bridge_msgs_generate_messages_check_deps_SetSpeechVocabularyActionGoal
[35m[1mScanning dependencies of target _naoqi_bridge_msgs_generate_messages_check_deps_SoundLocated[0m
[35m[1mScanning dependencies of target _naoqi_bridge_msgs_generate_messages_check_deps_SpeechWithFeedbackGoal[0m
[  0%] Built target _naoqi_bridge_msgs_generate_messages_check_deps_FollowPathGoal
[  0%] Built target _naoqi_bridge_msgs_generate_messages_check_deps_HandTouch
[35m[1mScanning dependencies of target _naoqi_bridge_msgs_generate_messages_check_deps_MemoryPairInt[0m
[  0%] Built target _naoqi_bridge_msgs_generate_messages_check_deps_SoundLocated
[35m[1mScanning dependencies of target _naoqi_bridge_msgs_generate_messages_check_deps_FadeRGB[0m
[35m[1mScanning dependencies of target _naoqi_bridge_msgs_generate_messages_check_deps_BodyPoseWithSpeedResult[0m
[  0%] Built target _naoqi_bridge_msgs_generate_messages_check_deps_SpeechWithFeedbackGoal
[35m[1mScanning dependencies of target _naoqi_bridge_msgs_generate_messages_check_deps_AudioBuffer[0m
[  0%] Built target _naoqi_bridge_msgs_generate_messages_check_deps_MemoryPairInt
[  0%] Built target _naoqi_bridge_msgs_generate_messages_check_deps_FadeRGB
[35m[1mScanning dependencies of target _naoqi_bridge_msgs_generate_messages_check_deps_BodyPoseWithSpeedAction[0m
[  0%] Built target _naoqi_bridge_msgs_generate_messages_check_deps_BodyPoseWithSpeedResult
[35m[1mScanning dependencies of target _naoqi_bridge_msgs_generate_messages_check_deps_JointAnglesWithSpeedGoal[0m
[35m[1mScanning dependencies of target _naoqi_bridge_msgs_generate_messages_check_deps_SetSpeechVocabularyResult[0m
[  0%] Built target _naoqi_bridge_msgs_generate_messages_check_deps_AudioBuffer
[  0%] Built target _naoqi_bridge_msgs_generate_messages_check_deps_BodyPoseWithSpeedAction
[35m[1mScanning dependencies of target _naoqi_bridge_msgs_generate_messages_check_deps_RunBehaviorFeedback[0m
[35m[1mScanning dependencies of target _naoqi_bridge_msgs_generate_messages_check_deps_BodyPoseWithSpeedActionResult[0m
[  0%] Built target _naoqi_bridge_msgs_generate_messages_check_deps_JointAnglesWithSpeedGoal
[  0%] Built target _naoqi_bridge_msgs_generate_messages_check_deps_SetSpeechVocabularyResult
[35m[1mScanning dependencies of target sensor_msgs_generate_messages_nodejs[0m
[35m[1mScanning dependencies of target _naoqi_bridge_msgs_generate_messages_check_deps_GetTruepose[0m
[  0%] Built target sensor_msgs_generate_messages_nodejs
[  0%] Built target _naoqi_bridge_msgs_generate_messages_check_deps_RunBehaviorFeedback
[  0%] Built target _naoqi_bridge_msgs_generate_messages_check_deps_BodyPoseWithSpeedActionResult
[35m[1mScanning dependencies of target trajectory_msgs_generate_messages_nodejs[0m
[35m[1mScanning dependencies of target _naoqi_bridge_msgs_generate_messages_check_deps_JointTrajectoryGoal[0m
[35m[1mScanning dependencies of target _naoqi_bridge_msgs_generate_messages_check_deps_BodyPoseWithSpeedActionGoal[0m
[  0%] Built target trajectory_msgs_generate_messages_nodejs
[  0%] Built target _naoqi_bridge_msgs_generate_messages_check_deps_GetTruepose
[35m[1mScanning dependencies of target _naoqi_bridge_msgs_generate_messages_check_deps_SetSpeechVocabularyGoal[0m
[35m[1mScanning dependencies of target _naoqi_bridge_msgs_generate_messages_check_deps_FloatStamped[0m
[  0%] Built target _naoqi_bridge_msgs_generate_messages_check_deps_BodyPoseWithSpeedActionGoal
[  0%] Built target _naoqi_bridge_msgs_generate_messages_check_deps_JointTrajectoryGoal
[35m[1mScanning dependencies of target actionlib_msgs_generate_messages_nodejs[0m
[35m[1mScanning dependencies of target _naoqi_bridge_msgs_generate_messages_check_deps_JointAnglesWithSpeedAction[0m
[  0%] Built target actionlib_msgs_generate_messages_nodejs
[  0%] Built target _naoqi_bridge_msgs_generate_messages_check_deps_SetSpeechVocabularyGoal
[35m[1mScanning dependencies of target _naoqi_bridge_msgs_generate_messages_check_deps_JointAnglesWithSpeed[0m
[  0%] Built target _naoqi_bridge_msgs_generate_messages_check_deps_FloatStamped
[35m[1mScanning dependencies of target geometry_msgs_generate_messages_nodejs[0m
[  0%] Built target geometry_msgs_generate_messages_nodejs
[35m[1mScanning dependencies of target _naoqi_bridge_msgs_generate_messages_check_deps_BodyPoseActionFeedback[0m
[  0%] Built target _naoqi_bridge_msgs_generate_messages_check_deps_JointAnglesWithSpeedAction
[35m[1mScanning dependencies of target _naoqi_bridge_msgs_generate_messages_check_deps_BoolStamped[0m
[  0%] Built target _naoqi_bridge_msgs_generate_messages_check_deps_JointAnglesWithSpeed
[35m[1mScanning dependencies of target _naoqi_bridge_msgs_generate_messages_check_deps_SpeechWithFeedbackActionFeedback[0m
[35m[1mScanning dependencies of target _naoqi_bridge_msgs_generate_messages_check_deps_JointAnglesWithSpeedFeedback[0m
[  0%] Built target _naoqi_bridge_msgs_generate_messages_check_deps_BodyPoseActionFeedback
[35m[1mScanning dependencies of target _naoqi_bridge_msgs_generate_messages_check_deps_PoseWithConfidenceStamped[0m
[  0%] Built target _naoqi_bridge_msgs_generate_messages_check_deps_BoolStamped
[  0%] Built target _naoqi_bridge_msgs_generate_messages_check_deps_SpeechWithFeedbackActionFeedback
[35m[1mScanning dependencies of target _naoqi_bridge_msgs_generate_messages_check_deps_Bumper[0m
[  0%] Built target _naoqi_bridge_msgs_generate_messages_check_deps_JointAnglesWithSpeedFeedback
[35m[1mScanning dependencies of target _naoqi_bridge_msgs_generate_messages_check_deps_JointTrajectoryActionFeedback[0m
[  0%] Built target _naoqi_bridge_msgs_generate_messages_check_deps_PoseWithConfidenceStamped
[35m[1mScanning dependencies of target _naoqi_bridge_msgs_generate_messages_check_deps_GetBodyROI[0m
[35m[1mScanning dependencies of target _naoqi_bridge_msgs_generate_messages_check_deps_GetRobotInfo[0m
[  0%] Built target _naoqi_bridge_msgs_generate_messages_check_deps_Bumper
[  0%] Built target _naoqi_bridge_msgs_generate_messages_check_deps_JointTrajectoryActionFeedback
[35m[1mScanning dependencies of target _naoqi_bridge_msgs_generate_messages_check_deps_FollowPathActionFeedback[0m
[  0%] Built target _naoqi_bridge_msgs_generate_messages_check_deps_GetBodyROI
[  0%] Built target _naoqi_bridge_msgs_generate_messages_check_deps_GetRobotInfo
[35m[1mScanning dependencies of target _naoqi_bridge_msgs_generate_messages_check_deps_JointAngleTrajectory[0m
[35m[1mScanning dependencies of target _naoqi_bridge_msgs_generate_messages_check_deps_FollowPathActionResult[0m
[35m[1mScanning dependencies of target _naoqi_bridge_msgs_generate_messages_check_deps_RunBehaviorGoal[0m
[  0%] Built target _naoqi_bridge_msgs_generate_messages_check_deps_FollowPathActionFeedback
[35m[1mScanning dependencies of target _naoqi_bridge_msgs_generate_messages_check_deps_RunBehaviorActionFeedback[0m
[  0%] Built target _naoqi_bridge_msgs_generate_messages_check_deps_JointAngleTrajectory
[  0%] Built target _naoqi_bridge_msgs_generate_messages_check_deps_FollowPathActionResult
[  0%] Built target _naoqi_bridge_msgs_generate_messages_check_deps_RunBehaviorGoal
[35m[1mScanning dependencies of target _naoqi_bridge_msgs_generate_messages_check_deps_SpeechWithFeedbackResult[0m
[35m[1mScanning dependencies of target _naoqi_bridge_msgs_generate_messages_check_deps_CmdPoseService[0m
[35m[1mScanning dependencies of target _naoqi_bridge_msgs_generate_messages_check_deps_FollowPathActionGoal[0m
[  0%] Built target _naoqi_bridge_msgs_generate_messages_check_deps_RunBehaviorActionFeedback
[35m[1mScanning dependencies of target _naoqi_bridge_msgs_generate_messages_check_deps_FaceROI[0m
[  0%] Built target _naoqi_bridge_msgs_generate_messages_check_deps_SpeechWithFeedbackResult
[  0%] Built target _naoqi_bridge_msgs_generate_messages_check_deps_CmdPoseService
[  0%] Built target _naoqi_bridge_msgs_generate_messages_check_deps_FollowPathActionGoal
[35m[1mScanning dependencies of target _naoqi_bridge_msgs_generate_messages_check_deps_BlinkFeedback[0m
[35m[1mScanning dependencies of target _naoqi_bridge_msgs_generate_messages_check_deps_FollowPathAction[0m
[35m[1mScanning dependencies of target _naoqi_bridge_msgs_generate_messages_check_deps_BodyPoseResult[0m
[  0%] Built target _naoqi_bridge_msgs_generate_messages_check_deps_FaceROI
[  0%] Built target _naoqi_bridge_msgs_generate_messages_check_deps_BlinkFeedback
[  0%] Built target _naoqi_bridge_msgs_generate_messages_check_deps_FollowPathAction
[35m[1mScanning dependencies of target _naoqi_bridge_msgs_generate_messages_check_deps_BodyPoseGoal[0m
[35m[1mScanning dependencies of target nav_msgs_generate_messages_py[0m
[35m[1mScanning dependencies of target std_msgs_generate_messages_py[0m
[  0%] Built target _naoqi_bridge_msgs_generate_messages_check_deps_BodyPoseResult
[  0%] Built target nav_msgs_generate_messages_py
[35m[1mScanning dependencies of target geometry_msgs_generate_messages_py[0m
[  0%] Built target std_msgs_generate_messages_py
[35m[1mScanning dependencies of target sensor_msgs_generate_messages_py[0m
[  0%] Built target geometry_msgs_generate_messages_py
[35m[1mScanning dependencies of target trajectory_msgs_generate_messages_py[0m
[  0%] Built target _naoqi_bridge_msgs_generate_messages_check_deps_BodyPoseGoal
[  0%] Built target sensor_msgs_generate_messages_py
[35m[1mScanning dependencies of target actionlib_msgs_generate_messages_py[0m
[35m[1mScanning dependencies of target geometry_msgs_generate_messages_cpp[0m
[  0%] Built target trajectory_msgs_generate_messages_py
[35m[1mScanning dependencies of target nav_msgs_generate_messages_cpp[0m
[  0%] Built target actionlib_msgs_generate_messages_py
[  0%] Built target geometry_msgs_generate_messages_cpp
[35m[1mScanning dependencies of target std_msgs_generate_messages_cpp[0m
[  0%] Built target nav_msgs_generate_messages_cpp
[35m[1mScanning dependencies of target actionlib_msgs_generate_messages_cpp[0m
[35m[1mScanning dependencies of target sensor_msgs_generate_messages_cpp[0m
[  0%] Built target std_msgs_generate_messages_cpp
[  0%] Built target actionlib_msgs_generate_messages_cpp
[35m[1mScanning dependencies of target trajectory_msgs_generate_messages_cpp[0m
[35m[1mScanning dependencies of target actionlib_msgs_generate_messages_eus[0m
[  0%] Built target sensor_msgs_generate_messages_cpp
[35m[1mScanning dependencies of target nav_msgs_generate_messages_eus[0m
[  0%] Built target trajectory_msgs_generate_messages_cpp
[  0%] Built target actionlib_msgs_generate_messages_eus
[  0%] Built target nav_msgs_generate_messages_eus
[35m[1mScanning dependencies of target geometry_msgs_generate_messages_eus[0m
[35m[1mScanning dependencies of target trajectory_msgs_generate_messages_eus[0m
[35m[1mScanning dependencies of target sensor_msgs_generate_messages_eus[0m
[  0%] Built target geometry_msgs_generate_messages_eus
[  0%] Built target trajectory_msgs_generate_messages_eus
[35m[1mScanning dependencies of target std_msgs_generate_messages_eus[0m
[  0%] Built target sensor_msgs_generate_messages_eus
[35m[1mScanning dependencies of target geometry_msgs_generate_messages_lisp[0m
[35m[1mScanning dependencies of target sensor_msgs_generate_messages_lisp[0m
[  0%] Built target std_msgs_generate_messages_eus
[35m[1mScanning dependencies of target actionlib_msgs_generate_messages_lisp[0m
[  0%] Built target geometry_msgs_generate_messages_lisp
[  0%] Built target sensor_msgs_generate_messages_lisp
[35m[1mScanning dependencies of target std_msgs_generate_messages_lisp[0m
[35m[1mScanning dependencies of target trajectory_msgs_generate_messages_lisp[0m
[  0%] Built target actionlib_msgs_generate_messages_lisp
[35m[1mScanning dependencies of target nav_msgs_generate_messages_lisp[0m
[  0%] Built target std_msgs_generate_messages_lisp
[  0%] Built target trajectory_msgs_generate_messages_lisp
[35m[1mScanning dependencies of target naoqi_bridge_msgs_generate_messages_nodejs[0m
[35m[1mScanning dependencies of target naoqi_bridge_msgs_generate_messages_py[0m
[  0%] Built target nav_msgs_generate_messages_lisp
[35m[1mScanning dependencies of target naoqi_bridge_msgs_generate_messages_cpp[0m
[  0%] [34m[1mGenerating Javascript code from naoqi_bridge_msgs/BodyPoseActionFeedback.msg[0m
[35m[1mScanning dependencies of target naoqi_bridge_msgs_generate_messages_eus[0m
[  0%] [34m[1mGenerating Python from MSG naoqi_bridge_msgs/BodyPoseActionFeedback[0m
[  0%] [34m[1mGenerating C++ code from naoqi_bridge_msgs/BodyPoseActionFeedback.msg[0m
[  0%] [34m[1mGenerating EusLisp code from naoqi_bridge_msgs/BodyPoseActionFeedback.msg[0m
[  1%] [34m[1mGenerating Javascript code from naoqi_bridge_msgs/JointTrajectoryFeedback.msg[0m
[  1%] [34m[1mGenerating Javascript code from naoqi_bridge_msgs/IntStamped.msg[0m
[  1%] [34m[1mGenerating Python from MSG naoqi_bridge_msgs/JointTrajectoryFeedback[0m
[  1%] [34m[1mGenerating EusLisp code from naoqi_bridge_msgs/JointTrajectoryFeedback.msg[0m
[  1%] [34m[1mGenerating Javascript code from naoqi_bridge_msgs/FloatArrayStamped.msg[0m
[  1%] [34m[1mGenerating C++ code from naoqi_bridge_msgs/JointTrajectoryFeedback.msg[0m
[  1%] [34m[1mGenerating Python from MSG naoqi_bridge_msgs/IntStamped[0m
[  1%] [34m[1mGenerating Javascript code from naoqi_bridge_msgs/PoseWithConfidenceStamped.msg[0m
[  2%] [34m[1mGenerating EusLisp code from naoqi_bridge_msgs/IntStamped.msg[0m
[  2%] [34m[1mGenerating Javascript code from naoqi_bridge_msgs/SetSpeechVocabularyActionResult.msg[0m
[  2%] [34m[1mGenerating EusLisp code from naoqi_bridge_msgs/FloatArrayStamped.msg[0m
[  2%] [34m[1mGenerating Python from MSG naoqi_bridge_msgs/FloatArrayStamped[0m
[  2%] [34m[1mGenerating Javascript code from naoqi_bridge_msgs/FadeRGB.msg[0m
[  2%] [34m[1mGenerating C++ code from naoqi_bridge_msgs/IntStamped.msg[0m
[  3%] [34m[1mGenerating Javascript code from naoqi_bridge_msgs/BodyPoseActionGoal.msg[0m
[  3%] [34m[1mGenerating EusLisp code from naoqi_bridge_msgs/PoseWithConfidenceStamped.msg[0m
[  4%] [34m[1mGenerating Python from MSG naoqi_bridge_msgs/PoseWithConfidenceStamped[0m
[  4%] [34m[1mGenerating Javascript code from naoqi_bridge_msgs/JointTrajectoryGoal.msg[0m
[  4%] [34m[1mGenerating EusLisp code from naoqi_bridge_msgs/SetSpeechVocabularyActionResult.msg[0m
[  4%] [34m[1mGenerating Javascript code from naoqi_bridge_msgs/RobotInfo.msg[0m
[  4%] [34m[1mGenerating C++ code from naoqi_bridge_msgs/FloatArrayStamped.msg[0m
[  4%] [34m[1mGenerating Python from MSG naoqi_bridge_msgs/SetSpeechVocabularyActionResult[0m
[  4%] [34m[1mGenerating Javascript code from naoqi_bridge_msgs/SetSpeechVocabularyFeedback.msg[0m
[  4%] [34m[1mGenerating EusLisp code from naoqi_bridge_msgs/FadeRGB.msg[0m
[  4%] [34m[1mGenerating Javascript code from naoqi_bridge_msgs/JointAnglesWithSpeedResult.msg[0m
[  4%] [34m[1mGenerating C++ code from naoqi_bridge_msgs/PoseWithConfidenceStamped.msg[0m
[  4%] [34m[1mGenerating Python from MSG naoqi_bridge_msgs/FadeRGB[0m
[  5%] [34m[1mGenerating EusLisp code from naoqi_bridge_msgs/BodyPoseActionGoal.msg[0m
[  6%] [34m[1mGenerating Javascript code from naoqi_bridge_msgs/JointTrajectoryActionResult.msg[0m
[  6%] [34m[1mGenerating Javascript code from naoqi_bridge_msgs/JointAnglesWithSpeed.msg[0m
[  6%] [34m[1mGenerating EusLisp code from naoqi_bridge_msgs/JointTrajectoryGoal.msg[0m
[  6%] [34m[1mGenerating Python from MSG naoqi_bridge_msgs/BodyPoseActionGoal[0m
[  6%] [34m[1mGenerating Javascript code from naoqi_bridge_msgs/AudioBuffer.msg[0m
[  7%] [34m[1mGenerating C++ code from naoqi_bridge_msgs/SetSpeechVocabularyActionResult.msg[0m
[  7%] [34m[1mGenerating EusLisp code from naoqi_bridge_msgs/RobotInfo.msg[0m
[  7%] [34m[1mGenerating Javascript code from naoqi_bridge_msgs/BodyROI.msg[0m
[  7%] [34m[1mGenerating Python from MSG naoqi_bridge_msgs/JointTrajectoryGoal[0m
[  7%] [34m[1mGenerating Javascript code from naoqi_bridge_msgs/FloatStamped.msg[0m
[  7%] [34m[1mGenerating EusLisp code from naoqi_bridge_msgs/SetSpeechVocabularyFeedback.msg[0m
[  7%] [34m[1mGenerating C++ code from naoqi_bridge_msgs/FadeRGB.msg[0m
[  8%] [34m[1mGenerating Python from MSG naoqi_bridge_msgs/RobotInfo[0m
[  9%] [34m[1mGenerating Javascript code from naoqi_bridge_msgs/StringArrayStamped.msg[0m
[  9%] [34m[1mGenerating EusLisp code from naoqi_bridge_msgs/JointAnglesWithSpeedResult.msg[0m
[  9%] [34m[1mGenerating Javascript code from naoqi_bridge_msgs/BlinkResult.msg[0m
[  9%] [34m[1mGenerating EusLisp code from naoqi_bridge_msgs/JointTrajectoryActionResult.msg[0m
[  9%] [34m[1mGenerating Python from MSG naoqi_bridge_msgs/SetSpeechVocabularyFeedback[0m
[  9%] [34m[1mGenerating Javascript code from naoqi_bridge_msgs/JointTrajectoryAction.msg[0m
[  9%] [34m[1mGenerating C++ code from naoqi_bridge_msgs/BodyPoseActionGoal.msg[0m
[  9%] [34m[1mGenerating Javascript code from naoqi_bridge_msgs/JointAnglesWithSpeedActionFeedback.msg[0m
[ 10%] [34m[1mGenerating EusLisp code from naoqi_bridge_msgs/JointAnglesWithSpeed.msg[0m
[ 10%] [34m[1mGenerating Python from MSG naoqi_bridge_msgs/JointAnglesWithSpeedResult[0m
[ 10%] [34m[1mGenerating Javascript code from naoqi_bridge_msgs/SpeechWithFeedbackFeedback.msg[0m
[ 10%] [34m[1mGenerating EusLisp code from naoqi_bridge_msgs/AudioBuffer.msg[0m
[ 10%] [34m[1mGenerating Javascript code from naoqi_bridge_msgs/RunBehaviorActionGoal.msg[0m
[ 10%] [34m[1mGenerating C++ code from naoqi_bridge_msgs/JointTrajectoryGoal.msg[0m
[ 11%] [34m[1mGenerating Javascript code from naoqi_bridge_msgs/BoolStamped.msg[0m
[ 11%] [34m[1mGenerating Python from MSG naoqi_bridge_msgs/JointTrajectoryActionResult[0m
[ 11%] [34m[1mGenerating EusLisp code from naoqi_bridge_msgs/BodyROI.msg[0m
[ 11%] [34m[1mGenerating Javascript code from naoqi_bridge_msgs/SetSpeechVocabularyAction.msg[0m
[ 11%] [34m[1mGenerating EusLisp code from naoqi_bridge_msgs/FloatStamped.msg[0m
[ 11%] [34m[1mGenerating C++ code from naoqi_bridge_msgs/RobotInfo.msg[0m
[ 11%] [34m[1mGenerating Python from MSG naoqi_bridge_msgs/JointAnglesWithSpeed[0m
[ 11%] [34m[1mGenerating Javascript code from naoqi_bridge_msgs/RunBehaviorResult.msg[0m
[ 11%] [34m[1mGenerating EusLisp code from naoqi_bridge_msgs/StringArrayStamped.msg[0m
[ 11%] [34m[1mGenerating Javascript code from naoqi_bridge_msgs/SpeechWithFeedbackActionGoal.msg[0m
[ 11%] [34m[1mGenerating Python from MSG naoqi_bridge_msgs/AudioBuffer[0m
[ 11%] [34m[1mGenerating Javascript code from naoqi_bridge_msgs/SetSpeechVocabularyActionGoal.msg[0m
[ 12%] [34m[1mGenerating EusLisp code from naoqi_bridge_msgs/BlinkResult.msg[0m
[ 13%] [34m[1mGenerating C++ code from naoqi_bridge_msgs/SetSpeechVocabularyFeedback.msg[0m
[ 14%] [34m[1mGenerating Javascript code from naoqi_bridge_msgs/BodyPoseWithSpeedFeedback.msg[0m
[ 15%] [34m[1mGenerating Python from MSG naoqi_bridge_msgs/BodyROI[0m
[ 15%] [34m[1mGenerating EusLisp code from naoqi_bridge_msgs/JointTrajectoryAction.msg[0m
[ 15%] [34m[1mGenerating Javascript code from naoqi_bridge_msgs/Bumper.msg[0m
[ 15%] [34m[1mGenerating Javascript code from naoqi_bridge_msgs/HandTouch.msg[0m
[ 15%] [34m[1mGenerating EusLisp code from naoqi_bridge_msgs/JointAnglesWithSpeedActionFeedback.msg[0m
[ 15%] [34m[1mGenerating C++ code from naoqi_bridge_msgs/JointAnglesWithSpeedResult.msg[0m
[ 15%] [34m[1mGenerating Python from MSG naoqi_bridge_msgs/FloatStamped[0m
[ 15%] [34m[1mGenerating Javascript code from naoqi_bridge_msgs/SpeechWithFeedbackGoal.msg[0m
[ 15%] [34m[1mGenerating EusLisp code from naoqi_bridge_msgs/SpeechWithFeedbackFeedback.msg[0m
[ 15%] [34m[1mGenerating Javascript code from naoqi_bridge_msgs/MemoryPairInt.msg[0m
[ 15%] [34m[1mGenerating Python from MSG naoqi_bridge_msgs/StringArrayStamped[0m
[ 15%] [34m[1mGenerating C++ code from naoqi_bridge_msgs/JointTrajectoryActionResult.msg[0m
[ 16%] [34m[1mGenerating Javascript code from naoqi_bridge_msgs/BodyPoseGoal.msg[0m
[ 16%] [34m[1mGenerating EusLisp code from naoqi_bridge_msgs/RunBehaviorActionGoal.msg[0m
[ 16%] [34m[1mGenerating Python from MSG naoqi_bridge_msgs/BlinkResult[0m
[ 16%] [34m[1mGenerating Javascript code from naoqi_bridge_msgs/BodyPoseResult.msg[0m
[ 17%] [34m[1mGenerating EusLisp code from naoqi_bridge_msgs/BoolStamped.msg[0m
[ 17%] [34m[1mGenerating C++ code from naoqi_bridge_msgs/JointAnglesWithSpeed.msg[0m
[ 17%] [34m[1mGenerating Javascript code from naoqi_bridge_msgs/FollowPathAction.msg[0m
[ 17%] [34m[1mGenerating Python from MSG naoqi_bridge_msgs/JointTrajectoryAction[0m
[ 17%] [34m[1mGenerating EusLisp code from naoqi_bridge_msgs/SetSpeechVocabularyAction.msg[0m
[ 17%] [34m[1mGenerating Javascript code from naoqi_bridge_msgs/BlinkFeedback.msg[0m
[ 17%] [34m[1mGenerating Javascript code from naoqi_bridge_msgs/BodyPoseWithSpeedResult.msg[0m
[ 17%] [34m[1mGenerating C++ code from naoqi_bridge_msgs/AudioBuffer.msg[0m
[ 17%] [34m[1mGenerating EusLisp code from naoqi_bridge_msgs/RunBehaviorResult.msg[0m
[ 18%] [34m[1mGenerating Python from MSG naoqi_bridge_msgs/JointAnglesWithSpeedActionFeedback[0m
[ 18%] [34m[1mGenerating Javascript code from naoqi_bridge_msgs/FaceROI.msg[0m
[ 19%] [34m[1mGenerating Javascript code from naoqi_bridge_msgs/JointTrajectoryActionFeedback.msg[0m
[ 19%] [34m[1mGenerating EusLisp code from naoqi_bridge_msgs/SpeechWithFeedbackActionGoal.msg[0m
[ 19%] [34m[1mGenerating Javascript code from naoqi_bridge_msgs/JointAnglesWithSpeedFeedback.msg[0m
[ 19%] [34m[1mGenerating Python from MSG naoqi_bridge_msgs/SpeechWithFeedbackFeedback[0m
[ 20%] [34m[1mGenerating C++ code from naoqi_bridge_msgs/BodyROI.msg[0m
[ 20%] [34m[1mGenerating Javascript code from naoqi_bridge_msgs/FollowPathActionGoal.msg[0m
[ 20%] [34m[1mGenerating EusLisp code from naoqi_bridge_msgs/SetSpeechVocabularyActionGoal.msg[0m
[ 20%] [34m[1mGenerating Javascript code from naoqi_bridge_msgs/RunBehaviorActionFeedback.msg[0m
[ 20%] [34m[1mGenerating Python from MSG naoqi_bridge_msgs/RunBehaviorActionGoal[0m
[ 20%] [34m[1mGenerating EusLisp code from naoqi_bridge_msgs/BodyPoseWithSpeedFeedback.msg[0m
[ 20%] [34m[1mGenerating Javascript code from naoqi_bridge_msgs/FollowPathActionResult.msg[0m
[ 20%] [34m[1mGenerating C++ code from naoqi_bridge_msgs/FloatStamped.msg[0m
[ 21%] [34m[1mGenerating Javascript code from naoqi_bridge_msgs/JointAngleTrajectory.msg[0m
[ 21%] [34m[1mGenerating Python from MSG naoqi_bridge_msgs/BoolStamped[0m
[ 22%] [34m[1mGenerating EusLisp code from naoqi_bridge_msgs/Bumper.msg[0m
[ 22%] [34m[1mGenerating Javascript code from naoqi_bridge_msgs/FollowPathActionFeedback.msg[0m
[ 22%] [34m[1mGenerating EusLisp code from naoqi_bridge_msgs/HandTouch.msg[0m
[ 22%] [34m[1mGenerating C++ code from naoqi_bridge_msgs/StringArrayStamped.msg[0m
[ 22%] [34m[1mGenerating Javascript code from naoqi_bridge_msgs/FollowPathFeedback.msg[0m
[ 22%] [34m[1mGenerating Python from MSG naoqi_bridge_msgs/SetSpeechVocabularyAction[0m
[ 22%] [34m[1mGenerating Javascript code from naoqi_bridge_msgs/RunBehaviorGoal.msg[0m
[ 22%] [34m[1mGenerating EusLisp code from naoqi_bridge_msgs/SpeechWithFeedbackGoal.msg[0m
[ 23%] [34m[1mGenerating Python from MSG naoqi_bridge_msgs/RunBehaviorResult[0m
[ 23%] [34m[1mGenerating Javascript code from naoqi_bridge_msgs/SetSpeechVocabularyGoal.msg[0m
[ 23%] [34m[1mGenerating C++ code from naoqi_bridge_msgs/BlinkResult.msg[0m
[ 23%] [34m[1mGenerating EusLisp code from naoqi_bridge_msgs/MemoryPairInt.msg[0m
[ 24%] [34m[1mGenerating Javascript code from naoqi_bridge_msgs/SetSpeechVocabularyResult.msg[0m
[ 24%] [34m[1mGenerating Python from MSG naoqi_bridge_msgs/SpeechWithFeedbackActionGoal[0m
[ 24%] [34m[1mGenerating EusLisp code from naoqi_bridge_msgs/BodyPoseGoal.msg[0m
[ 24%] [34m[1mGenerating Javascript code from naoqi_bridge_msgs/MemoryList.msg[0m
[ 24%] [34m[1mGenerating C++ code from naoqi_bridge_msgs/JointTrajectoryAction.msg[0m
[ 24%] [34m[1mGenerating Javascript code from naoqi_bridge_msgs/JointAnglesWithSpeedGoal.msg[0m
[ 25%] [34m[1mGenerating EusLisp code from naoqi_bridge_msgs/BodyPoseResult.msg[0m
[ 25%] [34m[1mGenerating Python from MSG naoqi_bridge_msgs/SetSpeechVocabularyActionGoal[0m
[ 25%] [34m[1mGenerating Javascript code from naoqi_bridge_msgs/WordRecognized.msg[0m
[ 25%] [34m[1mGenerating EusLisp code from naoqi_bridge_msgs/FollowPathAction.msg[0m
[ 25%] [34m[1mGenerating Javascript code from naoqi_bridge_msgs/RunBehaviorAction.msg[0m
[ 25%] [34m[1mGenerating Python from MSG naoqi_bridge_msgs/BodyPoseWithSpeedFeedback[0m
[ 25%] [34m[1mGenerating C++ code from naoqi_bridge_msgs/JointAnglesWithSpeedActionFeedback.msg[0m
[ 25%] [34m[1mGenerating Javascript code from naoqi_bridge_msgs/BlinkGoal.msg[0m
[ 25%] [34m[1mGenerating EusLisp code from naoqi_bridge_msgs/BlinkFeedback.msg[0m
[ 25%] [34m[1mGenerating Python from MSG naoqi_bridge_msgs/Bumper[0m
[ 26%] [34m[1mGenerating Javascript code from naoqi_bridge_msgs/BlinkActionGoal.msg[0m
[ 26%] [34m[1mGenerating EusLisp code from naoqi_bridge_msgs/BodyPoseWithSpeedResult.msg[0m
[ 27%] [34m[1mGenerating C++ code from naoqi_bridge_msgs/SpeechWithFeedbackFeedback.msg[0m
[ 27%] [34m[1mGenerating Javascript code from naoqi_bridge_msgs/MemoryPairString.msg[0m
[ 27%] [34m[1mGenerating Python from MSG naoqi_bridge_msgs/HandTouch[0m
[ 27%] [34m[1mGenerating EusLisp code from naoqi_bridge_msgs/FaceROI.msg[0m
[ 27%] [34m[1mGenerating Javascript code from naoqi_bridge_msgs/StatusChangeStamped.msg[0m
[ 27%] [34m[1mGenerating C++ code from naoqi_bridge_msgs/RunBehaviorActionGoal.msg[0m
[ 27%] [34m[1mGenerating Javascript code from naoqi_bridge_msgs/HeadTouch.msg[0m
[ 29%] [34m[1mGenerating EusLisp code from naoqi_bridge_msgs/JointTrajectoryActionFeedback.msg[0m
[ 29%] [34m[1mGenerating Python from MSG naoqi_bridge_msgs/SpeechWithFeedbackGoal[0m
[ 29%] [34m[1mGenerating Javascript code from naoqi_bridge_msgs/JointAnglesWithSpeedActionResult.msg[0m
[ 29%] [34m[1mGenerating EusLisp code from naoqi_bridge_msgs/JointAnglesWithSpeedFeedback.msg[0m
[ 29%] [34m[1mGenerating Python from MSG naoqi_bridge_msgs/MemoryPairInt[0m
[ 30%] [34m[1mGenerating Javascript code from naoqi_bridge_msgs/BodyPoseWithSpeedActionResult.msg[0m
[ 30%] [34m[1mGenerating C++ code from naoqi_bridge_msgs/BoolStamped.msg[0m
[ 30%] [34m[1mGenerating Javascript code from naoqi_bridge_msgs/SpeechWithFeedbackAction.msg[0m
[ 30%] [34m[1mGenerating EusLisp code from naoqi_bridge_msgs/FollowPathActionGoal.msg[0m
[ 30%] [34m[1mGenerating Python from MSG naoqi_bridge_msgs/BodyPoseGoal[0m
[ 30%] [34m[1mGenerating Javascript code from naoqi_bridge_msgs/BodyPoseWithSpeedActionGoal.msg[0m
[ 30%] [34m[1mGenerating EusLisp code from naoqi_bridge_msgs/RunBehaviorActionFeedback.msg[0m
[ 30%] [34m[1mGenerating C++ code from naoqi_bridge_msgs/SetSpeechVocabularyAction.msg[0m
[ 30%] [34m[1mGenerating Javascript code from naoqi_bridge_msgs/EventStamped.msg[0m
[ 30%] [34m[1mGenerating Python from MSG naoqi_bridge_msgs/BodyPoseResult[0m
[ 30%] [34m[1mGenerating Javascript code from naoqi_bridge_msgs/SpeechWithFeedbackActionResult.msg[0m
[ 30%] [34m[1mGenerating EusLisp code from naoqi_bridge_msgs/FollowPathActionResult.msg[0m
[ 31%] [34m[1mGenerating Javascript code from naoqi_bridge_msgs/SoundLocated.msg[0m
[ 31%] [34m[1mGenerating C++ code from naoqi_bridge_msgs/RunBehaviorResult.msg[0m
[ 31%] [34m[1mGenerating EusLisp code from naoqi_bridge_msgs/JointAngleTrajectory.msg[0m
[ 31%] [34m[1mGenerating Python from MSG naoqi_bridge_msgs/FollowPathAction[0m
[ 31%] [34m[1mGenerating Javascript code from naoqi_bridge_msgs/IntArrayStamped.msg[0m
[ 32%] [34m[1mGenerating EusLisp code from naoqi_bridge_msgs/FollowPathActionFeedback.msg[0m
[ 32%] [34m[1mGenerating Javascript code from naoqi_bridge_msgs/RunBehaviorActionResult.msg[0m
[ 33%] [34m[1mGenerating C++ code from naoqi_bridge_msgs/SpeechWithFeedbackActionGoal.msg[0m
[ 33%] [34m[1mGenerating Javascript code from naoqi_bridge_msgs/SetSpeechVocabularyActionFeedback.msg[0m
[ 34%] [34m[1mGenerating Python from MSG naoqi_bridge_msgs/BlinkFeedback[0m
[ 34%] [34m[1mGenerating EusLisp code from naoqi_bridge_msgs/FollowPathFeedback.msg[0m
[ 34%] [34m[1mGenerating Javascript code from naoqi_bridge_msgs/FollowPathResult.msg[0m
[ 34%] [34m[1mGenerating EusLisp code from naoqi_bridge_msgs/RunBehaviorGoal.msg[0m
[ 34%] [34m[1mGenerating Python from MSG naoqi_bridge_msgs/BodyPoseWithSpeedResult[0m
[ 34%] [34m[1mGenerating Javascript code from naoqi_bridge_msgs/BodyPoseWithSpeedActionFeedback.msg[0m
[ 34%] [34m[1mGenerating C++ code from naoqi_bridge_msgs/SetSpeechVocabularyActionGoal.msg[0m
[ 34%] [34m[1mGenerating EusLisp code from naoqi_bridge_msgs/SetSpeechVocabularyGoal.msg[0m
[ 35%] [34m[1mGenerating Javascript code from naoqi_bridge_msgs/BodyPoseFeedback.msg[0m
[ 35%] [34m[1mGenerating Python from MSG naoqi_bridge_msgs/FaceROI[0m
[ 35%] [34m[1mGenerating Javascript code from naoqi_bridge_msgs/SpeechWithFeedbackResult.msg[0m
[ 35%] [34m[1mGenerating EusLisp code from naoqi_bridge_msgs/SetSpeechVocabularyResult.msg[0m
[ 35%] [34m[1mGenerating C++ code from naoqi_bridge_msgs/BodyPoseWithSpeedFeedback.msg[0m
[ 35%] [34m[1mGenerating Javascript code from naoqi_bridge_msgs/BodyPoseWithSpeedAction.msg[0m
[ 35%] [34m[1mGenerating Python from MSG naoqi_bridge_msgs/JointTrajectoryActionFeedback[0m
[ 36%] [34m[1mGenerating EusLisp code from naoqi_bridge_msgs/MemoryList.msg[0m
[ 36%] [34m[1mGenerating Javascript code from naoqi_bridge_msgs/BlinkActionFeedback.msg[0m
[ 36%] [34m[1mGenerating C++ code from naoqi_bridge_msgs/Bumper.msg[0m
[ 36%] [34m[1mGenerating EusLisp code from naoqi_bridge_msgs/JointAnglesWithSpeedGoal.msg[0m
[ 36%] [34m[1mGenerating Javascript code from naoqi_bridge_msgs/BodyPoseActionResult.msg[0m
[ 36%] [34m[1mGenerating Python from MSG naoqi_bridge_msgs/JointAnglesWithSpeedFeedback[0m
[ 37%] [34m[1mGenerating Javascript code from naoqi_bridge_msgs/JointTrajectoryResult.msg[0m
[ 37%] [34m[1mGenerating EusLisp code from naoqi_bridge_msgs/WordRecognized.msg[0m
[ 38%] [34m[1mGenerating Python from MSG naoqi_bridge_msgs/FollowPathActionGoal[0m
[ 38%] [34m[1mGenerating Javascript code from naoqi_bridge_msgs/JointAnglesWithSpeedAction.msg[0m
[ 38%] [34m[1mGenerating C++ code from naoqi_bridge_msgs/HandTouch.msg[0m
[ 38%] [34m[1mGenerating EusLisp code from naoqi_bridge_msgs/RunBehaviorAction.msg[0m
[ 38%] [34m[1mGenerating Javascript code from naoqi_bridge_msgs/JointAnglesWithSpeedActionGoal.msg[0m
[ 38%] [34m[1mGenerating Python from MSG naoqi_bridge_msgs/RunBehaviorActionFeedback[0m
[ 38%] [34m[1mGenerating EusLisp code from naoqi_bridge_msgs/BlinkGoal.msg[0m
[ 38%] [34m[1mGenerating Javascript code from naoqi_bridge_msgs/BodyPoseAction.msg[0m
[ 39%] [34m[1mGenerating C++ code from naoqi_bridge_msgs/SpeechWithFeedbackGoal.msg[0m
[ 39%] [34m[1mGenerating Javascript code from naoqi_bridge_msgs/RunBehaviorFeedback.msg[0m
[ 40%] [34m[1mGenerating EusLisp code from naoqi_bridge_msgs/BlinkActionGoal.msg[0m
[ 40%] [34m[1mGenerating Python from MSG naoqi_bridge_msgs/FollowPathActionResult[0m
[ 41%] [34m[1mGenerating Javascript code from naoqi_bridge_msgs/MemoryPairFloat.msg[0m
[ 41%] [34m[1mGenerating EusLisp code from naoqi_bridge_msgs/MemoryPairString.msg[0m
[ 41%] [34m[1mGenerating Javascript code from naoqi_bridge_msgs/BlinkActionResult.msg[0m
[ 41%] [34m[1mGenerating C++ code from naoqi_bridge_msgs/MemoryPairInt.msg[0m
[ 41%] [34m[1mGenerating Python from MSG naoqi_bridge_msgs/JointAngleTrajectory[0m
[ 41%] [34m[1mGenerating EusLisp code from naoqi_bridge_msgs/StatusChangeStamped.msg[0m
[ 41%] [34m[1mGenerating Javascript code from naoqi_bridge_msgs/BodyPoseWithSpeedGoal.msg[0m
[ 41%] [34m[1mGenerating Javascript code from naoqi_bridge_msgs/BlinkAction.msg[0m
[ 41%] [34m[1mGenerating Python from MSG naoqi_bridge_msgs/FollowPathActionFeedback[0m
[ 41%] [34m[1mGenerating EusLisp code from naoqi_bridge_msgs/HeadTouch.msg[0m
[ 41%] [34m[1mGenerating C++ code from naoqi_bridge_msgs/BodyPoseGoal.msg[0m
[ 41%] [34m[1mGenerating Javascript code from naoqi_bridge_msgs/SpeechWithFeedbackActionFeedback.msg[0m
[ 41%] [34m[1mGenerating EusLisp code from naoqi_bridge_msgs/JointAnglesWithSpeedActionResult.msg[0m
[ 41%] [34m[1mGenerating Python from MSG naoqi_bridge_msgs/FollowPathFeedback[0m
[ 41%] [34m[1mGenerating Javascript code from naoqi_bridge_msgs/FollowPathGoal.msg[0m
[ 42%] [34m[1mGenerating Javascript code from naoqi_bridge_msgs/JointTrajectoryActionGoal.msg[0m
[ 42%] [34m[1mGenerating EusLisp code from naoqi_bridge_msgs/BodyPoseWithSpeedActionResult.msg[0m
[ 42%] [34m[1mGenerating C++ code from naoqi_bridge_msgs/BodyPoseResult.msg[0m
[ 43%] [34m[1mGenerating Python from MSG naoqi_bridge_msgs/RunBehaviorGoal[0m
[ 43%] [34m[1mGenerating Javascript code from naoqi_bridge_msgs/StringStamped.msg[0m
[ 44%] [34m[1mGenerating EusLisp code from naoqi_bridge_msgs/SpeechWithFeedbackAction.msg[0m
[ 44%] [34m[1mGenerating Javascript code from naoqi_bridge_msgs/CmdPoseService.srv[0m
[ 44%] [34m[1mGenerating Python from MSG naoqi_bridge_msgs/SetSpeechVocabularyGoal[0m
[ 44%] [34m[1mGenerating C++ code from naoqi_bridge_msgs/FollowPathAction.msg[0m
[ 44%] [34m[1mGenerating EusLisp code from naoqi_bridge_msgs/BodyPoseWithSpeedActionGoal.msg[0m
[ 44%] [34m[1mGenerating Javascript code from naoqi_bridge_msgs/GetBodyROI.srv[0m
[ 44%] [34m[1mGenerating Javascript code from naoqi_bridge_msgs/SetString.srv[0m
[ 44%] [34m[1mGenerating Python from MSG naoqi_bridge_msgs/SetSpeechVocabularyResult[0m
[ 44%] [34m[1mGenerating EusLisp code from naoqi_bridge_msgs/EventStamped.msg[0m
[ 45%] [34m[1mGenerating Javascript code from naoqi_bridge_msgs/TangentialSecurityDistance.srv[0m
[ 45%] [34m[1mGenerating Javascript code from naoqi_bridge_msgs/GetInstalledBehaviors.srv[0m
[ 45%] [34m[1mGenerating C++ code from naoqi_bridge_msgs/BlinkFeedback.msg[0m
[ 45%] [34m[1mGenerating EusLisp code from naoqi_bridge_msgs/SpeechWithFeedbackActionResult.msg[0m
[ 45%] [34m[1mGenerating Python from MSG naoqi_bridge_msgs/MemoryList[0m
[ 45%] [34m[1mGenerating Javascript code from naoqi_bridge_msgs/SetArmsEnabled.srv[0m
[ 45%] [34m[1mGenerating Javascript code from naoqi_bridge_msgs/GetFloat.srv[0m
[ 45%] [34m[1mGenerating EusLisp code from naoqi_bridge_msgs/SoundLocated.msg[0m
[ 45%] [34m[1mGenerating Python from MSG naoqi_bridge_msgs/JointAnglesWithSpeedGoal[0m
[ 45%] [34m[1mGenerating Javascript code from naoqi_bridge_msgs/GetRobotInfo.srv[0m
[ 46%] [34m[1mGenerating C++ code from naoqi_bridge_msgs/BodyPoseWithSpeedResult.msg[0m
[ 47%] [34m[1mGenerating EusLisp code from naoqi_bridge_msgs/IntArrayStamped.msg[0m
[ 48%] [34m[1mGenerating Javascript code from naoqi_bridge_msgs/GetTruepose.srv[0m
[ 50%] [34m[1mGenerating Python from MSG naoqi_bridge_msgs/WordRecognized[0m
[ 50%] [34m[1mGenerating Javascript code from naoqi_bridge_msgs/CmdVelService.srv[0m
[ 50%] [34m[1mGenerating EusLisp code from naoqi_bridge_msgs/RunBehaviorActionResult.msg[0m
[ 50%] [34m[1mGenerating Javascript code from naoqi_bridge_msgs/OrthogonalSecurityDistance.srv[0m
[ 50%] [34m[1mGenerating C++ code from naoqi_bridge_msgs/FaceROI.msg[0m
[ 50%] [34m[1mGenerating Python from MSG naoqi_bridge_msgs/RunBehaviorAction[0m
[ 50%] [34m[1mGenerating EusLisp code from naoqi_bridge_msgs/SetSpeechVocabularyActionFeedback.msg[0m
[ 50%] [34m[1mGenerating Javascript code from naoqi_bridge_msgs/GetFacesROI.srv[0m
[ 50%] [34m[1mGenerating Javascript code from naoqi_bridge_msgs/SetFloat.srv[0m
[ 50%] [34m[1mGenerating EusLisp code from naoqi_bridge_msgs/FollowPathResult.msg[0m
[ 50%] [34m[1mGenerating C++ code from naoqi_bridge_msgs/JointTrajectoryActionFeedback.msg[0m
[ 50%] [34m[1mGenerating Python from MSG naoqi_bridge_msgs/BlinkGoal[0m
[ 50%] [34m[1mGenerating Javascript code from naoqi_bridge_msgs/SetTransform.srv[0m
[ 50%] [34m[1mGenerating EusLisp code from naoqi_bridge_msgs/BodyPoseWithSpeedActionFeedback.msg[0m
[ 51%] [34m[1mGenerating Javascript code from naoqi_bridge_msgs/GetString.srv[0m
[ 51%] [34m[1mGenerating Python from MSG naoqi_bridge_msgs/BlinkActionGoal[0m
[ 51%] Built target naoqi_bridge_msgs_generate_messages_nodejs
[ 51%] [34m[1mGenerating C++ code from naoqi_bridge_msgs/JointAnglesWithSpeedFeedback.msg[0m
[35m[1mScanning dependencies of target naoqi_bridge_msgs_generate_messages_lisp[0m
[ 52%] [34m[1mGenerating EusLisp code from naoqi_bridge_msgs/BodyPoseFeedback.msg[0m
[ 52%] [34m[1mGenerating Lisp code from naoqi_bridge_msgs/BodyPoseActionFeedback.msg[0m
[ 52%] [34m[1mGenerating Lisp code from naoqi_bridge_msgs/JointTrajectoryFeedback.msg[0m
[ 52%] [34m[1mGenerating Python from MSG naoqi_bridge_msgs/MemoryPairString[0m
[ 52%] [34m[1mGenerating EusLisp code from naoqi_bridge_msgs/SpeechWithFeedbackResult.msg[0m
[ 52%] [34m[1mGenerating Lisp code from naoqi_bridge_msgs/IntStamped.msg[0m
[ 52%] [34m[1mGenerating C++ code from naoqi_bridge_msgs/FollowPathActionGoal.msg[0m
[ 52%] [34m[1mGenerating EusLisp code from naoqi_bridge_msgs/BodyPoseWithSpeedAction.msg[0m
[ 53%] [34m[1mGenerating Python from MSG naoqi_bridge_msgs/StatusChangeStamped[0m
[ 53%] [34m[1mGenerating Lisp code from naoqi_bridge_msgs/FloatArrayStamped.msg[0m
[ 53%] [34m[1mGenerating EusLisp code from naoqi_bridge_msgs/BlinkActionFeedback.msg[0m
[ 54%] [34m[1mGenerating Lisp code from naoqi_bridge_msgs/PoseWithConfidenceStamped.msg[0m
[ 55%] [34m[1mGenerating C++ code from naoqi_bridge_msgs/RunBehaviorActionFeedback.msg[0m
[ 55%] [34m[1mGenerating Python from MSG naoqi_bridge_msgs/HeadTouch[0m
[ 55%] [34m[1mGenerating Lisp code from naoqi_bridge_msgs/SetSpeechVocabularyActionResult.msg[0m
[ 55%] [34m[1mGenerating EusLisp code from naoqi_bridge_msgs/BodyPoseActionResult.msg[0m
[ 55%] [34m[1mGenerating Lisp code from naoqi_bridge_msgs/FadeRGB.msg[0m
[ 55%] [34m[1mGenerating Python from MSG naoqi_bridge_msgs/JointAnglesWithSpeedActionResult[0m
[ 55%] [34m[1mGenerating EusLisp code from naoqi_bridge_msgs/JointTrajectoryResult.msg[0m
[ 55%] [34m[1mGenerating Lisp code from naoqi_bridge_msgs/BodyPoseActionGoal.msg[0m
[ 55%] [34m[1mGenerating C++ code from naoqi_bridge_msgs/FollowPathActionResult.msg[0m
[ 55%] [34m[1mGenerating Lisp code from naoqi_bridge_msgs/JointTrajectoryGoal.msg[0m
[ 56%] [34m[1mGenerating EusLisp code from naoqi_bridge_msgs/JointAnglesWithSpeedAction.msg[0m
[ 56%] [34m[1mGenerating Python from MSG naoqi_bridge_msgs/BodyPoseWithSpeedActionResult[0m
[ 57%] [34m[1mGenerating Lisp code from naoqi_bridge_msgs/RobotInfo.msg[0m
[ 57%] [34m[1mGenerating C++ code from naoqi_bridge_msgs/JointAngleTrajectory.msg[0m
[ 57%] [34m[1mGenerating EusLisp code from naoqi_bridge_msgs/JointAnglesWithSpeedActionGoal.msg[0m
[ 57%] [34m[1mGenerating Lisp code from naoqi_bridge_msgs/SetSpeechVocabularyFeedback.msg[0m
[ 57%] [34m[1mGenerating Python from MSG naoqi_bridge_msgs/SpeechWithFeedbackAction[0m
[ 57%] [34m[1mGenerating Lisp code from naoqi_bridge_msgs/JointAnglesWithSpeedResult.msg[0m
[ 57%] [34m[1mGenerating EusLisp code from naoqi_bridge_msgs/BodyPoseAction.msg[0m
[ 57%] [34m[1mGenerating C++ code from naoqi_bridge_msgs/FollowPathActionFeedback.msg[0m
[ 57%] [34m[1mGenerating Lisp code from naoqi_bridge_msgs/JointTrajectoryActionResult.msg[0m
[ 57%] [34m[1mGenerating Python from MSG naoqi_bridge_msgs/BodyPoseWithSpeedActionGoal[0m
[ 57%] [34m[1mGenerating EusLisp code from naoqi_bridge_msgs/RunBehaviorFeedback.msg[0m
[ 57%] [34m[1mGenerating Lisp code from naoqi_bridge_msgs/JointAnglesWithSpeed.msg[0m
[ 57%] [34m[1mGenerating EusLisp code from naoqi_bridge_msgs/MemoryPairFloat.msg[0m
[ 58%] [34m[1mGenerating Lisp code from naoqi_bridge_msgs/AudioBuffer.msg[0m
[ 59%] [34m[1mGenerating Python from MSG naoqi_bridge_msgs/EventStamped[0m
[ 59%] [34m[1mGenerating C++ code from naoqi_bridge_msgs/FollowPathFeedback.msg[0m
[ 59%] [34m[1mGenerating Lisp code from naoqi_bridge_msgs/BodyROI.msg[0m
[ 60%] [34m[1mGenerating EusLisp code from naoqi_bridge_msgs/BlinkActionResult.msg[0m
[ 60%] [34m[1mGenerating Lisp code from naoqi_bridge_msgs/FloatStamped.msg[0m
[ 60%] [34m[1mGenerating Python from MSG naoqi_bridge_msgs/SpeechWithFeedbackActionResult[0m
[ 60%] [34m[1mGenerating EusLisp code from naoqi_bridge_msgs/BodyPoseWithSpeedGoal.msg[0m
[ 60%] [34m[1mGenerating Lisp code from naoqi_bridge_msgs/StringArrayStamped.msg[0m
[ 61%] [34m[1mGenerating C++ code from naoqi_bridge_msgs/RunBehaviorGoal.msg[0m
[ 61%] [34m[1mGenerating Lisp code from naoqi_bridge_msgs/BlinkResult.msg[0m
[ 61%] [34m[1mGenerating Python from MSG naoqi_bridge_msgs/SoundLocated[0m
[ 61%] [34m[1mGenerating EusLisp code from naoqi_bridge_msgs/BlinkAction.msg[0m
[ 61%] [34m[1mGenerating Lisp code from naoqi_bridge_msgs/JointTrajectoryAction.msg[0m
[ 61%] [34m[1mGenerating C++ code from naoqi_bridge_msgs/SetSpeechVocabularyGoal.msg[0m
[ 62%] [34m[1mGenerating Lisp code from naoqi_bridge_msgs/JointAnglesWithSpeedActionFeedback.msg[0m
[ 62%] [34m[1mGenerating EusLisp code from naoqi_bridge_msgs/SpeechWithFeedbackActionFeedback.msg[0m
[ 62%] [34m[1mGenerating Python from MSG naoqi_bridge_msgs/IntArrayStamped[0m
[ 62%] [34m[1mGenerating Lisp code from naoqi_bridge_msgs/SpeechWithFeedbackFeedback.msg[0m
[ 62%] [34m[1mGenerating EusLisp code from naoqi_bridge_msgs/FollowPathGoal.msg[0m
[ 62%] [34m[1mGenerating C++ code from naoqi_bridge_msgs/SetSpeechVocabularyResult.msg[0m
[ 62%] [34m[1mGenerating Lisp code from naoqi_bridge_msgs/RunBehaviorActionGoal.msg[0m
[ 62%] [34m[1mGenerating Python from MSG naoqi_bridge_msgs/RunBehaviorActionResult[0m
[ 62%] [34m[1mGenerating Lisp code from naoqi_bridge_msgs/BoolStamped.msg[0m
[ 63%] [34m[1mGenerating EusLisp code from naoqi_bridge_msgs/JointTrajectoryActionGoal.msg[0m
[ 63%] [34m[1mGenerating Lisp code from naoqi_bridge_msgs/SetSpeechVocabularyAction.msg[0m
[ 64%] [34m[1mGenerating Python from MSG naoqi_bridge_msgs/SetSpeechVocabularyActionFeedback[0m
[ 64%] [34m[1mGenerating C++ code from naoqi_bridge_msgs/MemoryList.msg[0m
[ 64%] [34m[1mGenerating EusLisp code from naoqi_bridge_msgs/StringStamped.msg[0m
[ 65%] [34m[1mGenerating Lisp code from naoqi_bridge_msgs/RunBehaviorResult.msg[0m
[ 65%] [34m[1mGenerating EusLisp code from naoqi_bridge_msgs/CmdPoseService.srv[0m
[ 65%] [34m[1mGenerating Lisp code from naoqi_bridge_msgs/SpeechWithFeedbackActionGoal.msg[0m
[ 65%] [34m[1mGenerating Python from MSG naoqi_bridge_msgs/FollowPathResult[0m
[ 65%] [34m[1mGenerating C++ code from naoqi_bridge_msgs/JointAnglesWithSpeedGoal.msg[0m
[ 65%] [34m[1mGenerating Lisp code from naoqi_bridge_msgs/SetSpeechVocabularyActionGoal.msg[0m
[ 65%] [34m[1mGenerating EusLisp code from naoqi_bridge_msgs/GetBodyROI.srv[0m
[ 65%] [34m[1mGenerating Lisp code from naoqi_bridge_msgs/BodyPoseWithSpeedFeedback.msg[0m
[ 65%] [34m[1mGenerating Python from MSG naoqi_bridge_msgs/BodyPoseWithSpeedActionFeedback[0m
[ 65%] [34m[1mGenerating EusLisp code from naoqi_bridge_msgs/SetString.srv[0m
[ 65%] [34m[1mGenerating Lisp code from naoqi_bridge_msgs/Bumper.msg[0m
[ 65%] [34m[1mGenerating C++ code from naoqi_bridge_msgs/WordRecognized.msg[0m
[ 65%] [34m[1mGenerating EusLisp code from naoqi_bridge_msgs/TangentialSecurityDistance.srv[0m
[ 65%] [34m[1mGenerating Python from MSG naoqi_bridge_msgs/BodyPoseFeedback[0m
[ 66%] [34m[1mGenerating Lisp code from naoqi_bridge_msgs/HandTouch.msg[0m
[ 67%] [34m[1mGenerating EusLisp code from naoqi_bridge_msgs/GetInstalledBehaviors.srv[0m
[ 67%] [34m[1mGenerating Lisp code from naoqi_bridge_msgs/SpeechWithFeedbackGoal.msg[0m
[ 67%] [34m[1mGenerating Python from MSG naoqi_bridge_msgs/SpeechWithFeedbackResult[0m
[ 67%] [34m[1mGenerating Lisp code from naoqi_bridge_msgs/MemoryPairInt.msg[0m
[ 68%] [34m[1mGenerating C++ code from naoqi_bridge_msgs/RunBehaviorAction.msg[0m
[ 67%] [34m[1mGenerating EusLisp code from naoqi_bridge_msgs/SetArmsEnabled.srv[0m
[ 68%] [34m[1mGenerating Lisp code from naoqi_bridge_msgs/BodyPoseGoal.msg[0m
[ 68%] [34m[1mGenerating EusLisp code from naoqi_bridge_msgs/GetFloat.srv[0m
[ 69%] [34m[1mGenerating Python from MSG naoqi_bridge_msgs/BodyPoseWithSpeedAction[0m
[ 69%] [34m[1mGenerating Lisp code from naoqi_bridge_msgs/BodyPoseResult.msg[0m
[ 69%] [34m[1mGenerating Lisp code from naoqi_bridge_msgs/FollowPathAction.msg[0m
[ 69%] [34m[1mGenerating EusLisp code from naoqi_bridge_msgs/GetRobotInfo.srv[0m
[ 69%] [34m[1mGenerating C++ code from naoqi_bridge_msgs/BlinkGoal.msg[0m
[ 70%] [34m[1mGenerating Lisp code from naoqi_bridge_msgs/BlinkFeedback.msg[0m
[ 70%] [34m[1mGenerating Python from MSG naoqi_bridge_msgs/BlinkActionFeedback[0m
[ 70%] [34m[1mGenerating EusLisp code from naoqi_bridge_msgs/GetTruepose.srv[0m
[ 70%] [34m[1mGenerating Lisp code from naoqi_bridge_msgs/BodyPoseWithSpeedResult.msg[0m
[ 71%] [34m[1mGenerating EusLisp code from naoqi_bridge_msgs/CmdVelService.srv[0m
[ 71%] [34m[1mGenerating Python from MSG naoqi_bridge_msgs/BodyPoseActionResult[0m
[ 71%] [34m[1mGenerating Lisp code from naoqi_bridge_msgs/FaceROI.msg[0m
[ 71%] [34m[1mGenerating C++ code from naoqi_bridge_msgs/BlinkActionGoal.msg[0m
[ 71%] [34m[1mGenerating EusLisp code from naoqi_bridge_msgs/OrthogonalSecurityDistance.srv[0m
[ 71%] [34m[1mGenerating Lisp code from naoqi_bridge_msgs/JointTrajectoryActionFeedback.msg[0m
[ 71%] [34m[1mGenerating Python from MSG naoqi_bridge_msgs/JointTrajectoryResult[0m
[ 71%] [34m[1mGenerating Lisp code from naoqi_bridge_msgs/JointAnglesWithSpeedFeedback.msg[0m
[ 71%] [34m[1mGenerating EusLisp code from naoqi_bridge_msgs/GetFacesROI.srv[0m
[ 71%] [34m[1mGenerating C++ code from naoqi_bridge_msgs/MemoryPairString.msg[0m
[ 72%] [34m[1mGenerating Lisp code from naoqi_bridge_msgs/FollowPathActionGoal.msg[0m
[ 72%] [34m[1mGenerating EusLisp code from naoqi_bridge_msgs/SetFloat.srv[0m
[ 72%] [34m[1mGenerating Python from MSG naoqi_bridge_msgs/JointAnglesWithSpeedAction[0m
[ 72%] [34m[1mGenerating Lisp code from naoqi_bridge_msgs/RunBehaviorActionFeedback.msg[0m
[ 72%] [34m[1mGenerating EusLisp code from naoqi_bridge_msgs/SetTransform.srv[0m
[ 72%] [34m[1mGenerating Lisp code from naoqi_bridge_msgs/FollowPathActionResult.msg[0m
[ 72%] [34m[1mGenerating C++ code from naoqi_bridge_msgs/StatusChangeStamped.msg[0m
[ 72%] [34m[1mGenerating Python from MSG naoqi_bridge_msgs/JointAnglesWithSpeedActionGoal[0m
[ 73%] [34m[1mGenerating EusLisp code from naoqi_bridge_msgs/GetString.srv[0m
[ 73%] [34m[1mGenerating Lisp code from naoqi_bridge_msgs/JointAngleTrajectory.msg[0m
[ 73%] [34m[1mGenerating Lisp code from naoqi_bridge_msgs/FollowPathActionFeedback.msg[0m
[ 73%] [34m[1mGenerating EusLisp manifest code for naoqi_bridge_msgs[0m
[ 74%] [34m[1mGenerating C++ code from naoqi_bridge_msgs/HeadTouch.msg[0m
[ 75%] [34m[1mGenerating Python from MSG naoqi_bridge_msgs/BodyPoseAction[0m
[ 76%] [34m[1mGenerating Lisp code from naoqi_bridge_msgs/FollowPathFeedback.msg[0m
[ 76%] [34m[1mGenerating Lisp code from naoqi_bridge_msgs/RunBehaviorGoal.msg[0m
[ 76%] [34m[1mGenerating Python from MSG naoqi_bridge_msgs/RunBehaviorFeedback[0m
[ 76%] [34m[1mGenerating C++ code from naoqi_bridge_msgs/JointAnglesWithSpeedActionResult.msg[0m
[ 76%] [34m[1mGenerating Lisp code from naoqi_bridge_msgs/SetSpeechVocabularyGoal.msg[0m
[ 76%] [34m[1mGenerating Lisp code from naoqi_bridge_msgs/SetSpeechVocabularyResult.msg[0m
[ 76%] [34m[1mGenerating Python from MSG naoqi_bridge_msgs/MemoryPairFloat[0m
[ 76%] [34m[1mGenerating C++ code from naoqi_bridge_msgs/BodyPoseWithSpeedActionResult.msg[0m
[ 76%] [34m[1mGenerating Lisp code from naoqi_bridge_msgs/MemoryList.msg[0m
[ 76%] [34m[1mGenerating Lisp code from naoqi_bridge_msgs/JointAnglesWithSpeedGoal.msg[0m
[ 76%] [34m[1mGenerating Python from MSG naoqi_bridge_msgs/BlinkActionResult[0m
[ 77%] [34m[1mGenerating Lisp code from naoqi_bridge_msgs/WordRecognized.msg[0m
[ 77%] [34m[1mGenerating C++ code from naoqi_bridge_msgs/SpeechWithFeedbackAction.msg[0m
[ 77%] [34m[1mGenerating Python from MSG naoqi_bridge_msgs/BodyPoseWithSpeedGoal[0m
[ 77%] [34m[1mGenerating Lisp code from naoqi_bridge_msgs/RunBehaviorAction.msg[0m
[ 77%] [34m[1mGenerating Lisp code from naoqi_bridge_msgs/BlinkGoal.msg[0m
[ 78%] [34m[1mGenerating Python from MSG naoqi_bridge_msgs/BlinkAction[0m
[ 78%] [34m[1mGenerating C++ code from naoqi_bridge_msgs/BodyPoseWithSpeedActionGoal.msg[0m
[ 78%] [34m[1mGenerating Lisp code from naoqi_bridge_msgs/BlinkActionGoal.msg[0m
[ 78%] [34m[1mGenerating Python from MSG naoqi_bridge_msgs/SpeechWithFeedbackActionFeedback[0m
[ 78%] [34m[1mGenerating Lisp code from naoqi_bridge_msgs/MemoryPairString.msg[0m
[ 78%] Built target naoqi_bridge_msgs_generate_messages_eus
[ 79%] [34m[1mGenerating Lisp code from naoqi_bridge_msgs/StatusChangeStamped.msg[0m
[ 79%] [34m[1mGenerating Lisp code from naoqi_bridge_msgs/HeadTouch.msg[0m
[ 80%] [34m[1mGenerating C++ code from naoqi_bridge_msgs/EventStamped.msg[0m
[ 80%] [34m[1mGenerating Python from MSG naoqi_bridge_msgs/FollowPathGoal[0m
[ 80%] [34m[1mGenerating C++ code from naoqi_bridge_msgs/SpeechWithFeedbackActionResult.msg[0m
[ 80%] [34m[1mGenerating Lisp code from naoqi_bridge_msgs/JointAnglesWithSpeedActionResult.msg[0m
[ 80%] [34m[1mGenerating Lisp code from naoqi_bridge_msgs/BodyPoseWithSpeedActionResult.msg[0m
[ 80%] [34m[1mGenerating Python from MSG naoqi_bridge_msgs/JointTrajectoryActionGoal[0m
[ 80%] [34m[1mGenerating Lisp code from naoqi_bridge_msgs/SpeechWithFeedbackAction.msg[0m
[ 80%] [34m[1mGenerating C++ code from naoqi_bridge_msgs/SoundLocated.msg[0m
[ 80%] [34m[1mGenerating C++ code from naoqi_bridge_msgs/IntArrayStamped.msg[0m
[ 80%] [34m[1mGenerating Lisp code from naoqi_bridge_msgs/BodyPoseWithSpeedActionGoal.msg[0m
[ 80%] [34m[1mGenerating Python from MSG naoqi_bridge_msgs/StringStamped[0m
[ 81%] [34m[1mGenerating Lisp code from naoqi_bridge_msgs/EventStamped.msg[0m
[ 81%] [34m[1mGenerating C++ code from naoqi_bridge_msgs/RunBehaviorActionResult.msg[0m
[ 81%] [34m[1mGenerating C++ code from naoqi_bridge_msgs/SetSpeechVocabularyActionFeedback.msg[0m
[ 81%] [34m[1mGenerating Lisp code from naoqi_bridge_msgs/SpeechWithFeedbackActionResult.msg[0m
[ 82%] [34m[1mGenerating Python code from SRV naoqi_bridge_msgs/CmdPoseService[0m
[ 82%] [34m[1mGenerating Lisp code from naoqi_bridge_msgs/SoundLocated.msg[0m
[ 83%] [34m[1mGenerating C++ code from naoqi_bridge_msgs/FollowPathResult.msg[0m
[ 83%] [34m[1mGenerating Lisp code from naoqi_bridge_msgs/IntArrayStamped.msg[0m
[ 83%] [34m[1mGenerating C++ code from naoqi_bridge_msgs/BodyPoseWithSpeedActionFeedback.msg[0m
[ 83%] [34m[1mGenerating Python code from SRV naoqi_bridge_msgs/GetBodyROI[0m
[ 83%] [34m[1mGenerating Lisp code from naoqi_bridge_msgs/RunBehaviorActionResult.msg[0m
[ 84%] [34m[1mGenerating Lisp code from naoqi_bridge_msgs/SetSpeechVocabularyActionFeedback.msg[0m
[ 84%] [34m[1mGenerating C++ code from naoqi_bridge_msgs/BodyPoseFeedback.msg[0m
[ 84%] [34m[1mGenerating C++ code from naoqi_bridge_msgs/SpeechWithFeedbackResult.msg[0m
[ 84%] [34m[1mGenerating Python code from SRV naoqi_bridge_msgs/SetString[0m
[ 84%] [34m[1mGenerating Lisp code from naoqi_bridge_msgs/FollowPathResult.msg[0m
[ 84%] [34m[1mGenerating Lisp code from naoqi_bridge_msgs/BodyPoseWithSpeedActionFeedback.msg[0m
[ 84%] [34m[1mGenerating Python code from SRV naoqi_bridge_msgs/TangentialSecurityDistance[0m
[ 84%] [34m[1mGenerating C++ code from naoqi_bridge_msgs/BodyPoseWithSpeedAction.msg[0m
[ 84%] [34m[1mGenerating Lisp code from naoqi_bridge_msgs/BodyPoseFeedback.msg[0m
[ 85%] [34m[1mGenerating C++ code from naoqi_bridge_msgs/BlinkActionFeedback.msg[0m
[ 85%] [34m[1mGenerating Lisp code from naoqi_bridge_msgs/SpeechWithFeedbackResult.msg[0m
[ 85%] [34m[1mGenerating Python code from SRV naoqi_bridge_msgs/GetInstalledBehaviors[0m
[ 86%] [34m[1mGenerating Lisp code from naoqi_bridge_msgs/BodyPoseWithSpeedAction.msg[0m
[ 86%] [34m[1mGenerating C++ code from naoqi_bridge_msgs/BodyPoseActionResult.msg[0m
[ 86%] [34m[1mGenerating C++ code from naoqi_bridge_msgs/JointTrajectoryResult.msg[0m
[ 86%] [34m[1mGenerating Python code from SRV naoqi_bridge_msgs/SetArmsEnabled[0m
[ 86%] [34m[1mGenerating Lisp code from naoqi_bridge_msgs/BlinkActionFeedback.msg[0m
[ 86%] [34m[1mGenerating Lisp code from naoqi_bridge_msgs/BodyPoseActionResult.msg[0m
[ 87%] [34m[1mGenerating Python code from SRV naoqi_bridge_msgs/GetFloat[0m
[ 87%] [34m[1mGenerating Lisp code from naoqi_bridge_msgs/JointTrajectoryResult.msg[0m
[ 87%] [34m[1mGenerating C++ code from naoqi_bridge_msgs/JointAnglesWithSpeedAction.msg[0m
[ 87%] [34m[1mGenerating C++ code from naoqi_bridge_msgs/JointAnglesWithSpeedActionGoal.msg[0m
[ 87%] [34m[1mGenerating Lisp code from naoqi_bridge_msgs/JointAnglesWithSpeedAction.msg[0m
[ 87%] [34m[1mGenerating Python code from SRV naoqi_bridge_msgs/GetRobotInfo[0m
[ 87%] [34m[1mGenerating Lisp code from naoqi_bridge_msgs/JointAnglesWithSpeedActionGoal.msg[0m
[ 88%] [34m[1mGenerating C++ code from naoqi_bridge_msgs/BodyPoseAction.msg[0m
[ 89%] [34m[1mGenerating Lisp code from naoqi_bridge_msgs/BodyPoseAction.msg[0m
[ 89%] [34m[1mGenerating C++ code from naoqi_bridge_msgs/RunBehaviorFeedback.msg[0m
[ 89%] [34m[1mGenerating Python code from SRV naoqi_bridge_msgs/GetTruepose[0m
[ 89%] [34m[1mGenerating Lisp code from naoqi_bridge_msgs/RunBehaviorFeedback.msg[0m
[ 89%] [34m[1mGenerating Lisp code from naoqi_bridge_msgs/MemoryPairFloat.msg[0m
[ 89%] [34m[1mGenerating Python code from SRV naoqi_bridge_msgs/CmdVelService[0m
[ 89%] [34m[1mGenerating C++ code from naoqi_bridge_msgs/MemoryPairFloat.msg[0m
[ 89%] [34m[1mGenerating C++ code from naoqi_bridge_msgs/BlinkActionResult.msg[0m
[ 89%] [34m[1mGenerating Lisp code from naoqi_bridge_msgs/BlinkActionResult.msg[0m
[ 89%] [34m[1mGenerating Python code from SRV naoqi_bridge_msgs/OrthogonalSecurityDistance[0m
[ 89%] [34m[1mGenerating Lisp code from naoqi_bridge_msgs/BodyPoseWithSpeedGoal.msg[0m
[ 90%] [34m[1mGenerating Lisp code from naoqi_bridge_msgs/BlinkAction.msg[0m
[ 90%] [34m[1mGenerating C++ code from naoqi_bridge_msgs/BodyPoseWithSpeedGoal.msg[0m
[ 90%] [34m[1mGenerating C++ code from naoqi_bridge_msgs/BlinkAction.msg[0m
[ 91%] [34m[1mGenerating Python code from SRV naoqi_bridge_msgs/GetFacesROI[0m
[ 91%] [34m[1mGenerating Lisp code from naoqi_bridge_msgs/SpeechWithFeedbackActionFeedback.msg[0m
[ 91%] [34m[1mGenerating Lisp code from naoqi_bridge_msgs/FollowPathGoal.msg[0m
[ 91%] [34m[1mGenerating Python code from SRV naoqi_bridge_msgs/SetFloat[0m
[ 92%] [34m[1mGenerating C++ code from naoqi_bridge_msgs/SpeechWithFeedbackActionFeedback.msg[0m
[ 92%] [34m[1mGenerating C++ code from naoqi_bridge_msgs/FollowPathGoal.msg[0m
[ 92%] [34m[1mGenerating Lisp code from naoqi_bridge_msgs/JointTrajectoryActionGoal.msg[0m
[ 92%] [34m[1mGenerating Lisp code from naoqi_bridge_msgs/StringStamped.msg[0m
[ 92%] [34m[1mGenerating Python code from SRV naoqi_bridge_msgs/SetTransform[0m
[ 93%] [34m[1mGenerating Lisp code from naoqi_bridge_msgs/CmdPoseService.srv[0m
[ 93%] [34m[1mGenerating C++ code from naoqi_bridge_msgs/JointTrajectoryActionGoal.msg[0m
[ 93%] [34m[1mGenerating Lisp code from naoqi_bridge_msgs/GetBodyROI.srv[0m
[ 93%] [34m[1mGenerating Python code from SRV naoqi_bridge_msgs/GetString[0m
[ 93%] [34m[1mGenerating Lisp code from naoqi_bridge_msgs/SetString.srv[0m
[ 93%] [34m[1mGenerating Lisp code from naoqi_bridge_msgs/TangentialSecurityDistance.srv[0m
[ 93%] [34m[1mGenerating Lisp code from naoqi_bridge_msgs/GetInstalledBehaviors.srv[0m
[ 93%] [34m[1mGenerating Lisp code from naoqi_bridge_msgs/SetArmsEnabled.srv[0m
[ 93%] [34m[1mGenerating Python msg __init__.py for naoqi_bridge_msgs[0m
[ 93%] [34m[1mGenerating C++ code from naoqi_bridge_msgs/StringStamped.msg[0m
[ 94%] [34m[1mGenerating Lisp code from naoqi_bridge_msgs/GetFloat.srv[0m
[ 94%] [34m[1mGenerating C++ code from naoqi_bridge_msgs/CmdPoseService.srv[0m
[ 94%] [34m[1mGenerating Lisp code from naoqi_bridge_msgs/GetRobotInfo.srv[0m
[ 95%] [34m[1mGenerating Python srv __init__.py for naoqi_bridge_msgs[0m
[ 95%] [34m[1mGenerating Lisp code from naoqi_bridge_msgs/GetTruepose.srv[0m
[ 96%] [34m[1mGenerating C++ code from naoqi_bridge_msgs/GetBodyROI.srv[0m
[ 96%] [34m[1mGenerating Lisp code from naoqi_bridge_msgs/CmdVelService.srv[0m
[ 96%] Built target naoqi_bridge_msgs_generate_messages_py
[ 96%] [34m[1mGenerating Lisp code from naoqi_bridge_msgs/OrthogonalSecurityDistance.srv[0m
[ 96%] [34m[1mGenerating C++ code from naoqi_bridge_msgs/SetString.srv[0m
[ 97%] [34m[1mGenerating Lisp code from naoqi_bridge_msgs/GetFacesROI.srv[0m
[ 97%] [34m[1mGenerating C++ code from naoqi_bridge_msgs/TangentialSecurityDistance.srv[0m
[ 97%] [34m[1mGenerating Lisp code from naoqi_bridge_msgs/SetFloat.srv[0m
[ 97%] [34m[1mGenerating Lisp code from naoqi_bridge_msgs/SetTransform.srv[0m
[ 97%] [34m[1mGenerating C++ code from naoqi_bridge_msgs/GetInstalledBehaviors.srv[0m
[ 97%] [34m[1mGenerating Lisp code from naoqi_bridge_msgs/GetString.srv[0m
[ 97%] Built target naoqi_bridge_msgs_generate_messages_lisp
[ 97%] [34m[1mGenerating C++ code from naoqi_bridge_msgs/SetArmsEnabled.srv[0m
[ 98%] [34m[1mGenerating C++ code from naoqi_bridge_msgs/GetFloat.srv[0m
[ 98%] [34m[1mGenerating C++ code from naoqi_bridge_msgs/GetRobotInfo.srv[0m
[ 98%] [34m[1mGenerating C++ code from naoqi_bridge_msgs/GetTruepose.srv[0m
[ 98%] [34m[1mGenerating C++ code from naoqi_bridge_msgs/CmdVelService.srv[0m
[ 98%] [34m[1mGenerating C++ code from naoqi_bridge_msgs/OrthogonalSecurityDistance.srv[0m
[ 98%] [34m[1mGenerating C++ code from naoqi_bridge_msgs/GetFacesROI.srv[0m
[100%] [34m[1mGenerating C++ code from naoqi_bridge_msgs/SetFloat.srv[0m
[100%] [34m[1mGenerating C++ code from naoqi_bridge_msgs/SetTransform.srv[0m
[100%] [34m[1mGenerating C++ code from naoqi_bridge_msgs/GetString.srv[0m
[100%] Built target naoqi_bridge_msgs_generate_messages_cpp
[35m[1mScanning dependencies of target naoqi_bridge_msgs_generate_messages[0m
[100%] Built target naoqi_bridge_msgs_generate_messages
