[  0%] Built target _naoqi_bridge_msgs_generate_messages_check_deps_GetFacesROI
[  0%] Built target _naoqi_bridge_msgs_generate_messages_check_deps_HeadTouch
[  0%] Built target _naoqi_bridge_msgs_generate_messages_check_deps_SetTransform
[  0%] Built target _naoqi_bridge_msgs_generate_messages_check_deps_BodyPoseWithSpeedActionFeedback
[  0%] Built target _naoqi_bridge_msgs_generate_messages_check_deps_BodyPoseAction
[  0%] Built target _naoqi_bridge_msgs_generate_messages_check_deps_TangentialSecurityDistance
[  0%] Built target _naoqi_bridge_msgs_generate_messages_check_deps_SetSpeechVocabularyActionResult
[  0%] Built target _naoqi_bridge_msgs_generate_messages_check_deps_BodyPoseWithSpeedFeedback
[  0%] Built target _naoqi_bridge_msgs_generate_messages_check_deps_SpeechWithFeedbackFeedback
[  0%] Built target _naoqi_bridge_msgs_generate_messages_check_deps_BodyPoseActionResult
[  0%] Built target _naoqi_bridge_msgs_generate_messages_check_deps_JointAngleTrajectory
[  0%] Built target _naoqi_bridge_msgs_generate_messages_check_deps_RunBehaviorActionResult
[  0%] Built target _naoqi_bridge_msgs_generate_messages_check_deps_StringStamped
[  0%] Built target _naoqi_bridge_msgs_generate_messages_check_deps_SetSpeechVocabularyAction
[  0%] Built target nav_msgs_generate_messages_eus
[  0%] Built target _naoqi_bridge_msgs_generate_messages_check_deps_JointAnglesWithSpeedActionResult
[  0%] Built target _naoqi_bridge_msgs_generate_messages_check_deps_SpeechWithFeedbackActionGoal
[  0%] Built target _naoqi_bridge_msgs_generate_messages_check_deps_SetFloat
[  0%] Built target _naoqi_bridge_msgs_generate_messages_check_deps_JointTrajectoryFeedback
[  0%] Built target _naoqi_bridge_msgs_generate_messages_check_deps_FollowPathActionResult
[  0%] Built target _naoqi_bridge_msgs_generate_messages_check_deps_BlinkActionFeedback
[  0%] Built target _naoqi_bridge_msgs_generate_messages_check_deps_BodyPoseGoal
[  0%] Built target _naoqi_bridge_msgs_generate_messages_check_deps_BodyPoseWithSpeedResult
[  0%] Built target _naoqi_bridge_msgs_generate_messages_check_deps_JointAnglesWithSpeed
[  0%] Built target _naoqi_bridge_msgs_generate_messages_check_deps_JointAnglesWithSpeedAction
[  0%] Built target _naoqi_bridge_msgs_generate_messages_check_deps_SetArmsEnabled
[  0%] Built target _naoqi_bridge_msgs_generate_messages_check_deps_WordRecognized
[  0%] Built target _naoqi_bridge_msgs_generate_messages_check_deps_OrthogonalSecurityDistance
[  0%] Built target _naoqi_bridge_msgs_generate_messages_check_deps_RunBehaviorGoal
[  0%] Built target _naoqi_bridge_msgs_generate_messages_check_deps_RunBehaviorActionFeedback
[  0%] Built target _naoqi_bridge_msgs_generate_messages_check_deps_GetTruepose
[  0%] Built target _naoqi_bridge_msgs_generate_messages_check_deps_FollowPathAction
[  0%] Built target _naoqi_bridge_msgs_generate_messages_check_deps_JointAnglesWithSpeedActionGoal
[  0%] Built target _naoqi_bridge_msgs_generate_messages_check_deps_StatusChangeStamped
[  0%] Built target sensor_msgs_generate_messages_eus
[  0%] Built target _naoqi_bridge_msgs_generate_messages_check_deps_JointTrajectoryGoal
[  0%] Built target _naoqi_bridge_msgs_generate_messages_check_deps_BodyPoseWithSpeedActionGoal
[  0%] Built target _naoqi_bridge_msgs_generate_messages_check_deps_SpeechWithFeedbackGoal
[  0%] Built target _naoqi_bridge_msgs_generate_messages_check_deps_SoundLocated
[  0%] Built target _naoqi_bridge_msgs_generate_messages_check_deps_BlinkResult
[  0%] Built target _naoqi_bridge_msgs_generate_messages_check_deps_FollowPathFeedback
[  0%] Built target _naoqi_bridge_msgs_generate_messages_check_deps_GetInstalledBehaviors
[  0%] Built target _naoqi_bridge_msgs_generate_messages_check_deps_SetSpeechVocabularyGoal
[  0%] Built target _naoqi_bridge_msgs_generate_messages_check_deps_BodyPoseResult
[  0%] Built target _naoqi_bridge_msgs_generate_messages_check_deps_FloatStamped
[  0%] Built target _naoqi_bridge_msgs_generate_messages_check_deps_BodyPoseActionFeedback
[  0%] Built target actionlib_msgs_generate_messages_eus
[  0%] Built target _naoqi_bridge_msgs_generate_messages_check_deps_JointTrajectoryActionResult
[  0%] Built target _naoqi_bridge_msgs_generate_messages_check_deps_RunBehaviorResult
[  0%] Built target std_msgs_generate_messages_eus
[  0%] Built target _naoqi_bridge_msgs_generate_messages_check_deps_SpeechWithFeedbackActionFeedback
[  0%] Built target _naoqi_bridge_msgs_generate_messages_check_deps_Bumper
[  0%] Built target _naoqi_bridge_msgs_generate_messages_check_deps_JointAnglesWithSpeedFeedback
[  0%] Built target _naoqi_bridge_msgs_generate_messages_check_deps_PoseWithConfidenceStamped
[  0%] Built target _naoqi_bridge_msgs_generate_messages_check_deps_JointTrajectoryActionFeedback
[  0%] Built target _naoqi_bridge_msgs_generate_messages_check_deps_GetBodyROI
[  0%] Built target _naoqi_bridge_msgs_generate_messages_check_deps_JointTrajectoryActionGoal
[  0%] Built target geometry_msgs_generate_messages_eus
[  0%] Built target _naoqi_bridge_msgs_generate_messages_check_deps_BodyPoseWithSpeedGoal
[  0%] Built target _naoqi_bridge_msgs_generate_messages_check_deps_JointAnglesWithSpeedResult
[  0%] Built target _naoqi_bridge_msgs_generate_messages_check_deps_BodyPoseWithSpeedAction
[  0%] Built target _naoqi_bridge_msgs_generate_messages_check_deps_SpeechWithFeedbackAction
[  0%] Built target _naoqi_bridge_msgs_generate_messages_check_deps_FloatArrayStamped
[  0%] Built target _naoqi_bridge_msgs_generate_messages_check_deps_RunBehaviorFeedback
[  0%] Built target _naoqi_bridge_msgs_generate_messages_check_deps_BodyROI
[  0%] Built target _naoqi_bridge_msgs_generate_messages_check_deps_BodyPoseWithSpeedActionResult
[  0%] Built target _naoqi_bridge_msgs_generate_messages_check_deps_RunBehaviorActionGoal
[  0%] Built target _naoqi_bridge_msgs_generate_messages_check_deps_MemoryPairFloat
[  0%] Built target _naoqi_bridge_msgs_generate_messages_check_deps_MemoryPairInt
[  0%] Built target _naoqi_bridge_msgs_generate_messages_check_deps_BlinkActionGoal
[  0%] Built target _naoqi_bridge_msgs_generate_messages_check_deps_FollowPathActionGoal
[  0%] Built target _naoqi_bridge_msgs_generate_messages_check_deps_GetRobotInfo
[  0%] Built target _naoqi_bridge_msgs_generate_messages_check_deps_MemoryPairString
[  0%] Built target _naoqi_bridge_msgs_generate_messages_check_deps_SetString
[  0%] Built target _naoqi_bridge_msgs_generate_messages_check_deps_RobotInfo
[  0%] Built target trajectory_msgs_generate_messages_eus
[  0%] Built target _naoqi_bridge_msgs_generate_messages_check_deps_JointAnglesWithSpeedGoal
[  0%] Built target _naoqi_bridge_msgs_generate_messages_check_deps_SetSpeechVocabularyResult
[  0%] Built target _naoqi_bridge_msgs_generate_messages_check_deps_EventStamped
[  0%] Built target _naoqi_bridge_msgs_generate_messages_check_deps_SetSpeechVocabularyActionGoal
[  0%] Built target _naoqi_bridge_msgs_generate_messages_check_deps_CmdPoseService
[  0%] Built target _naoqi_bridge_msgs_generate_messages_check_deps_SpeechWithFeedbackResult
[  0%] Built target _naoqi_bridge_msgs_generate_messages_check_deps_IntArrayStamped
[  0%] Built target _naoqi_bridge_msgs_generate_messages_check_deps_BlinkGoal
[  0%] Built target _naoqi_bridge_msgs_generate_messages_check_deps_FaceROI
[  0%] Built target _naoqi_bridge_msgs_generate_messages_check_deps_BlinkActionResult
[  0%] Built target _naoqi_bridge_msgs_generate_messages_check_deps_StringArrayStamped
[  0%] Built target _naoqi_bridge_msgs_generate_messages_check_deps_FollowPathGoal
[  0%] Built target _naoqi_bridge_msgs_generate_messages_check_deps_HandTouch
[  0%] Built target _naoqi_bridge_msgs_generate_messages_check_deps_SetSpeechVocabularyActionFeedback
[  0%] Built target _naoqi_bridge_msgs_generate_messages_check_deps_BlinkAction
[  0%] Built target _naoqi_bridge_msgs_generate_messages_check_deps_SetSpeechVocabularyFeedback
[  0%] Built target _naoqi_bridge_msgs_generate_messages_check_deps_FadeRGB
[  0%] Built target _naoqi_bridge_msgs_generate_messages_check_deps_RunBehaviorAction
[  0%] Built target _naoqi_bridge_msgs_generate_messages_check_deps_JointTrajectoryResult
[  0%] Built target _naoqi_bridge_msgs_generate_messages_check_deps_AudioBuffer
[  0%] Built target _naoqi_bridge_msgs_generate_messages_check_deps_BlinkFeedback
[  0%] Built target _naoqi_bridge_msgs_generate_messages_check_deps_GetString
[  0%] Built target _naoqi_bridge_msgs_generate_messages_check_deps_BoolStamped
[  0%] Built target _naoqi_bridge_msgs_generate_messages_check_deps_FollowPathResult
[  0%] Built target _naoqi_bridge_msgs_generate_messages_check_deps_MemoryList
[  0%] Built target _naoqi_bridge_msgs_generate_messages_check_deps_JointTrajectoryAction
[  0%] Built target _naoqi_bridge_msgs_generate_messages_check_deps_BodyPoseFeedback
[  0%] Built target _naoqi_bridge_msgs_generate_messages_check_deps_SpeechWithFeedbackActionResult
[  0%] Built target _naoqi_bridge_msgs_generate_messages_check_deps_BodyPoseActionGoal
[  0%] Built target _naoqi_bridge_msgs_generate_messages_check_deps_GetFloat
[  0%] Built target _naoqi_bridge_msgs_generate_messages_check_deps_IntStamped
[  0%] Built target geometry_msgs_generate_messages_py
[  0%] Built target _naoqi_bridge_msgs_generate_messages_check_deps_FollowPathActionFeedback
[  0%] Built target _naoqi_bridge_msgs_generate_messages_check_deps_CmdVelService
[  0%] Built target _naoqi_bridge_msgs_generate_messages_check_deps_JointAnglesWithSpeedActionFeedback
[  0%] Built target sensor_msgs_generate_messages_py
[  0%] Built target trajectory_msgs_generate_messages_py
[  0%] Built target std_msgs_generate_messages_py
[  0%] Built target nav_msgs_generate_messages_py
[  0%] Built target actionlib_msgs_generate_messages_py
[  0%] Built target trajectory_msgs_generate_messages_cpp
[  0%] Built target actionlib_msgs_generate_messages_cpp
[  0%] Built target geometry_msgs_generate_messages_cpp
[  0%] Built target nav_msgs_generate_messages_cpp
[  0%] Built target std_msgs_generate_messages_cpp
[  0%] Built target sensor_msgs_generate_messages_cpp
[  0%] Built target trajectory_msgs_generate_messages_nodejs
[  0%] Built target actionlib_msgs_generate_messages_nodejs
[  0%] Built target nav_msgs_generate_messages_nodejs
[  0%] Built target geometry_msgs_generate_messages_nodejs
[  0%] Built target sensor_msgs_generate_messages_nodejs
[  0%] Built target std_msgs_generate_messages_nodejs
[  0%] Built target trajectory_msgs_generate_messages_lisp
[  0%] Built target sensor_msgs_generate_messages_lisp
[  0%] Built target nav_msgs_generate_messages_lisp
[  0%] Built target geometry_msgs_generate_messages_lisp
[  0%] Built target actionlib_msgs_generate_messages_lisp
[  0%] Built target std_msgs_generate_messages_lisp
[ 20%] Built target naoqi_bridge_msgs_generate_messages_eus
[ 39%] Built target naoqi_bridge_msgs_generate_messages_cpp
[ 60%] Built target naoqi_bridge_msgs_generate_messages_py
[ 80%] Built target naoqi_bridge_msgs_generate_messages_nodejs
[100%] Built target naoqi_bridge_msgs_generate_messages_lisp
[100%] Built target naoqi_bridge_msgs_generate_messages
