Not searching for unused variables given on the command line.
[36m--[0m The C compiler identification is GNU 7.5.0
[36m--[0m The CXX compiler identification is GNU 7.5.0
[36m--[0m Check for working C compiler: /usr/bin/cc
[36m--[0m Check for working C compiler: /usr/bin/cc -- works
[36m--[0m Detecting C compiler ABI info
[36m--[0m Detecting C compiler ABI info - done
[36m--[0m Detecting C compile features
[36m--[0m Detecting C compile features - done
[36m--[0m Check for working CXX compiler: /usr/bin/c++
[36m--[0m Check for working CXX compiler: /usr/bin/c++ -- works
[36m--[0m Detecting CXX compiler ABI info
[36m--[0m Detecting CXX compiler ABI info - done
[36m--[0m Detecting CXX compile features
[36m--[0m Detecting CXX compile features - done
[36m--[0m Using CATKIN_DEVEL_PREFIX: /home/mivia/CognitiveRobotics/pepper_ros/devel/.private/naoqi_bridge_msgs
[36m--[0m Using CMAKE_PREFIX_PATH: /home/mivia/CognitiveRobotics/pepper_ros/devel;/opt/ros/melodic
[36m--[0m This workspace overlays: /home/mivia/CognitiveRobotics/pepper_ros/devel;/opt/ros/melodic
[36m--[0m Found PythonInterp: /usr/bin/python2 (found suitable version "2.7.17", minimum required is "2")
[36m--[0m Using PYTHON_EXECUTABLE: /usr/bin/python2
[36m--[0m Using Debian Python package layout
[36m--[0m Using empy: /usr/bin/empy
[36m--[0m Using CATKIN_ENABLE_TESTING: ON
[36m--[0m Call enable_testing()
[36m--[0m Using CATKIN_TEST_RESULTS_DIR: /home/mivia/CognitiveRobotics/pepper_ros/build/naoqi_bridge_msgs/test_results
[36m--[0m Found gtest sources under '/usr/src/googletest': gtests will be built
[36m--[0m Found gmock sources under '/usr/src/googletest': gmock will be built
[36m--[0m Found PythonInterp: /usr/bin/python2 (found version "2.7.17")
[36m--[0m Looking for pthread.h
[36m--[0m Looking for pthread.h - found
[36m--[0m Looking for pthread_create
[36m--[0m Looking for pthread_create - not found
[36m--[0m Looking for pthread_create in pthreads
[36m--[0m Looking for pthread_create in pthreads - not found
[36m--[0m Looking for pthread_create in pthread
[36m--[0m Looking for pthread_create in pthread - found
[36m--[0m Found Threads: TRUE
[36m--[0m Using Python nosetests: /usr/bin/nosetests-2.7
[36m--[0m catkin 0.7.29
[36m--[0m BUILD_SHARED_LIBS is on
[36m--[0m Using these message generators: gencpp;geneus;genlisp;gennodejs;genpy
[36m--[0m Generating .msg files for action naoqi_bridge_msgs/Blink /home/mivia/CognitiveRobotics/pepper_ros/src/naoqi_bridge_msgs/action/Blink.action
Generating for action Blink
[36m--[0m Generating .msg files for action naoqi_bridge_msgs/BodyPose /home/mivia/CognitiveRobotics/pepper_ros/src/naoqi_bridge_msgs/action/BodyPose.action
Generating for action BodyPose
[36m--[0m Generating .msg files for action naoqi_bridge_msgs/BodyPoseWithSpeed /home/mivia/CognitiveRobotics/pepper_ros/src/naoqi_bridge_msgs/action/BodyPoseWithSpeed.action
Generating for action BodyPoseWithSpeed
[36m--[0m Generating .msg files for action naoqi_bridge_msgs/FollowPath /home/mivia/CognitiveRobotics/pepper_ros/src/naoqi_bridge_msgs/action/FollowPath.action
Generating for action FollowPath
[36m--[0m Generating .msg files for action naoqi_bridge_msgs/JointAnglesWithSpeed /home/mivia/CognitiveRobotics/pepper_ros/src/naoqi_bridge_msgs/action/JointAnglesWithSpeed.action
Generating for action JointAnglesWithSpeed
[36m--[0m Generating .msg files for action naoqi_bridge_msgs/JointTrajectory /home/mivia/CognitiveRobotics/pepper_ros/src/naoqi_bridge_msgs/action/JointTrajectory.action
Generating for action JointTrajectory
[36m--[0m Generating .msg files for action naoqi_bridge_msgs/RunBehavior /home/mivia/CognitiveRobotics/pepper_ros/src/naoqi_bridge_msgs/action/RunBehavior.action
Generating for action RunBehavior
[36m--[0m Generating .msg files for action naoqi_bridge_msgs/SetSpeechVocabulary /home/mivia/CognitiveRobotics/pepper_ros/src/naoqi_bridge_msgs/action/SetSpeechVocabulary.action
Generating for action SetSpeechVocabulary
[36m--[0m Generating .msg files for action naoqi_bridge_msgs/SpeechWithFeedback /home/mivia/CognitiveRobotics/pepper_ros/src/naoqi_bridge_msgs/action/SpeechWithFeedback.action
Generating for action SpeechWithFeedback
[36m--[0m naoqi_bridge_msgs: 89 messages, 15 services
[36m--[0m Configuring done
[36m--[0m Generating done
[36m--[0m Build files have been written to: /home/mivia/CognitiveRobotics/pepper_ros/build/naoqi_bridge_msgs
