Symlinking /home/mivia/CognitiveRobotics/pepper_ros/devel/lib/python2.7/dist-packages/vision_msgs/__init__.py
Symlinking /home/mivia/CognitiveRobotics/pepper_ros/devel/lib/python2.7/dist-packages/vision_msgs/msg/_Classification2D.py
Symlinking /home/mivia/CognitiveRobotics/pepper_ros/devel/lib/python2.7/dist-packages/vision_msgs/msg/_Classification3D.py
Symlinking /home/mivia/CognitiveRobotics/pepper_ros/devel/lib/python2.7/dist-packages/vision_msgs/msg/_Detection2D.py
Symlinking /home/mivia/CognitiveRobotics/pepper_ros/devel/lib/python2.7/dist-packages/vision_msgs/msg/_BoundingBox2D.py
Symlinking /home/mivia/CognitiveRobotics/pepper_ros/devel/lib/python2.7/dist-packages/vision_msgs/msg/_BoundingBox3D.py
Symlinking /home/mivia/CognitiveRobotics/pepper_ros/devel/lib/python2.7/dist-packages/vision_msgs/msg/_ObjectHypothesis.py
Symlinking /home/mivia/CognitiveRobotics/pepper_ros/devel/lib/python2.7/dist-packages/vision_msgs/msg/_ObjectHypothesisWithPose.py
Symlinking /home/mivia/CognitiveRobotics/pepper_ros/devel/lib/python2.7/dist-packages/vision_msgs/msg/_Detection3D.py
Symlinking /home/mivia/CognitiveRobotics/pepper_ros/devel/lib/python2.7/dist-packages/vision_msgs/msg/_Detection2DArray.py
Symlinking /home/mivia/CognitiveRobotics/pepper_ros/devel/lib/python2.7/dist-packages/vision_msgs/msg/_Detection3DArray.py
Symlinking /home/mivia/CognitiveRobotics/pepper_ros/devel/lib/python2.7/dist-packages/vision_msgs/msg/__init__.py
Symlinking /home/mivia/CognitiveRobotics/pepper_ros/devel/lib/python2.7/dist-packages/vision_msgs/msg/_VisionInfo.py
Symlinking /home/mivia/CognitiveRobotics/pepper_ros/devel/lib/pkgconfig/vision_msgs.pc
Symlinking /home/mivia/CognitiveRobotics/pepper_ros/devel/include/vision_msgs/ObjectHypothesisWithPose.h
Symlinking /home/mivia/CognitiveRobotics/pepper_ros/devel/include/vision_msgs/Detection3D.h
Symlinking /home/mivia/CognitiveRobotics/pepper_ros/devel/include/vision_msgs/VisionInfo.h
Symlinking /home/mivia/CognitiveRobotics/pepper_ros/devel/include/vision_msgs/BoundingBox3D.h
Symlinking /home/mivia/CognitiveRobotics/pepper_ros/devel/include/vision_msgs/Detection2DArray.h
Symlinking /home/mivia/CognitiveRobotics/pepper_ros/devel/include/vision_msgs/BoundingBox2D.h
Symlinking /home/mivia/CognitiveRobotics/pepper_ros/devel/include/vision_msgs/Detection3DArray.h
Symlinking /home/mivia/CognitiveRobotics/pepper_ros/devel/include/vision_msgs/Detection2D.h
Symlinking /home/mivia/CognitiveRobotics/pepper_ros/devel/include/vision_msgs/ObjectHypothesis.h
Symlinking /home/mivia/CognitiveRobotics/pepper_ros/devel/include/vision_msgs/Classification3D.h
Symlinking /home/mivia/CognitiveRobotics/pepper_ros/devel/include/vision_msgs/Classification2D.h
Symlinking /home/mivia/CognitiveRobotics/pepper_ros/devel/share/gennodejs/ros/vision_msgs/_index.js
Symlinking /home/mivia/CognitiveRobotics/pepper_ros/devel/share/gennodejs/ros/vision_msgs/msg/BoundingBox2D.js
Symlinking /home/mivia/CognitiveRobotics/pepper_ros/devel/share/gennodejs/ros/vision_msgs/msg/ObjectHypothesis.js
Symlinking /home/mivia/CognitiveRobotics/pepper_ros/devel/share/gennodejs/ros/vision_msgs/msg/Classification3D.js
Symlinking /home/mivia/CognitiveRobotics/pepper_ros/devel/share/gennodejs/ros/vision_msgs/msg/_index.js
Symlinking /home/mivia/CognitiveRobotics/pepper_ros/devel/share/gennodejs/ros/vision_msgs/msg/Detection2DArray.js
Symlinking /home/mivia/CognitiveRobotics/pepper_ros/devel/share/gennodejs/ros/vision_msgs/msg/Detection3D.js
Symlinking /home/mivia/CognitiveRobotics/pepper_ros/devel/share/gennodejs/ros/vision_msgs/msg/ObjectHypothesisWithPose.js
Symlinking /home/mivia/CognitiveRobotics/pepper_ros/devel/share/gennodejs/ros/vision_msgs/msg/Classification2D.js
Symlinking /home/mivia/CognitiveRobotics/pepper_ros/devel/share/gennodejs/ros/vision_msgs/msg/Detection2D.js
Symlinking /home/mivia/CognitiveRobotics/pepper_ros/devel/share/gennodejs/ros/vision_msgs/msg/BoundingBox3D.js
Symlinking /home/mivia/CognitiveRobotics/pepper_ros/devel/share/gennodejs/ros/vision_msgs/msg/VisionInfo.js
Symlinking /home/mivia/CognitiveRobotics/pepper_ros/devel/share/gennodejs/ros/vision_msgs/msg/Detection3DArray.js
Symlinking /home/mivia/CognitiveRobotics/pepper_ros/devel/share/common-lisp/ros/vision_msgs/msg/VisionInfo.lisp
Symlinking /home/mivia/CognitiveRobotics/pepper_ros/devel/share/common-lisp/ros/vision_msgs/msg/BoundingBox2D.lisp
Symlinking /home/mivia/CognitiveRobotics/pepper_ros/devel/share/common-lisp/ros/vision_msgs/msg/_package_Detection3DArray.lisp
Symlinking /home/mivia/CognitiveRobotics/pepper_ros/devel/share/common-lisp/ros/vision_msgs/msg/Classification3D.lisp
Symlinking /home/mivia/CognitiveRobotics/pepper_ros/devel/share/common-lisp/ros/vision_msgs/msg/Detection3DArray.lisp
Symlinking /home/mivia/CognitiveRobotics/pepper_ros/devel/share/common-lisp/ros/vision_msgs/msg/_package_Detection2D.lisp
Symlinking /home/mivia/CognitiveRobotics/pepper_ros/devel/share/common-lisp/ros/vision_msgs/msg/_package_Detection3D.lisp
Symlinking /home/mivia/CognitiveRobotics/pepper_ros/devel/share/common-lisp/ros/vision_msgs/msg/_package_Classification2D.lisp
Symlinking /home/mivia/CognitiveRobotics/pepper_ros/devel/share/common-lisp/ros/vision_msgs/msg/_package_ObjectHypothesisWithPose.lisp
Symlinking /home/mivia/CognitiveRobotics/pepper_ros/devel/share/common-lisp/ros/vision_msgs/msg/Classification2D.lisp
Symlinking /home/mivia/CognitiveRobotics/pepper_ros/devel/share/common-lisp/ros/vision_msgs/msg/_package_Detection2DArray.lisp
Symlinking /home/mivia/CognitiveRobotics/pepper_ros/devel/share/common-lisp/ros/vision_msgs/msg/ObjectHypothesis.lisp
Symlinking /home/mivia/CognitiveRobotics/pepper_ros/devel/share/common-lisp/ros/vision_msgs/msg/Detection3D.lisp
Symlinking /home/mivia/CognitiveRobotics/pepper_ros/devel/share/common-lisp/ros/vision_msgs/msg/_package_ObjectHypothesis.lisp
Symlinking /home/mivia/CognitiveRobotics/pepper_ros/devel/share/common-lisp/ros/vision_msgs/msg/vision_msgs-msg.asd
Symlinking /home/mivia/CognitiveRobotics/pepper_ros/devel/share/common-lisp/ros/vision_msgs/msg/BoundingBox3D.lisp
Symlinking /home/mivia/CognitiveRobotics/pepper_ros/devel/share/common-lisp/ros/vision_msgs/msg/_package_VisionInfo.lisp
Symlinking /home/mivia/CognitiveRobotics/pepper_ros/devel/share/common-lisp/ros/vision_msgs/msg/ObjectHypothesisWithPose.lisp
Symlinking /home/mivia/CognitiveRobotics/pepper_ros/devel/share/common-lisp/ros/vision_msgs/msg/_package_BoundingBox3D.lisp
Symlinking /home/mivia/CognitiveRobotics/pepper_ros/devel/share/common-lisp/ros/vision_msgs/msg/_package.lisp
Symlinking /home/mivia/CognitiveRobotics/pepper_ros/devel/share/common-lisp/ros/vision_msgs/msg/Detection2D.lisp
Symlinking /home/mivia/CognitiveRobotics/pepper_ros/devel/share/common-lisp/ros/vision_msgs/msg/Detection2DArray.lisp
Symlinking /home/mivia/CognitiveRobotics/pepper_ros/devel/share/common-lisp/ros/vision_msgs/msg/_package_BoundingBox2D.lisp
Symlinking /home/mivia/CognitiveRobotics/pepper_ros/devel/share/common-lisp/ros/vision_msgs/msg/_package_Classification3D.lisp
Symlinking /home/mivia/CognitiveRobotics/pepper_ros/devel/share/vision_msgs/cmake/vision_msgsConfig-version.cmake
Symlinking /home/mivia/CognitiveRobotics/pepper_ros/devel/share/vision_msgs/cmake/vision_msgs-msg-paths.cmake
Symlinking /home/mivia/CognitiveRobotics/pepper_ros/devel/share/vision_msgs/cmake/vision_msgsConfig.cmake
Symlinking /home/mivia/CognitiveRobotics/pepper_ros/devel/share/vision_msgs/cmake/vision_msgs-msg-extras.cmake
Symlinking /home/mivia/CognitiveRobotics/pepper_ros/devel/share/roseus/ros/vision_msgs/manifest.l
Symlinking /home/mivia/CognitiveRobotics/pepper_ros/devel/share/roseus/ros/vision_msgs/msg/Classification2D.l
Symlinking /home/mivia/CognitiveRobotics/pepper_ros/devel/share/roseus/ros/vision_msgs/msg/BoundingBox3D.l
Symlinking /home/mivia/CognitiveRobotics/pepper_ros/devel/share/roseus/ros/vision_msgs/msg/VisionInfo.l
Symlinking /home/mivia/CognitiveRobotics/pepper_ros/devel/share/roseus/ros/vision_msgs/msg/Detection3D.l
Symlinking /home/mivia/CognitiveRobotics/pepper_ros/devel/share/roseus/ros/vision_msgs/msg/Classification3D.l
Symlinking /home/mivia/CognitiveRobotics/pepper_ros/devel/share/roseus/ros/vision_msgs/msg/Detection2DArray.l
Symlinking /home/mivia/CognitiveRobotics/pepper_ros/devel/share/roseus/ros/vision_msgs/msg/ObjectHypothesis.l
Symlinking /home/mivia/CognitiveRobotics/pepper_ros/devel/share/roseus/ros/vision_msgs/msg/BoundingBox2D.l
Symlinking /home/mivia/CognitiveRobotics/pepper_ros/devel/share/roseus/ros/vision_msgs/msg/Detection3DArray.l
Symlinking /home/mivia/CognitiveRobotics/pepper_ros/devel/share/roseus/ros/vision_msgs/msg/Detection2D.l
Symlinking /home/mivia/CognitiveRobotics/pepper_ros/devel/share/roseus/ros/vision_msgs/msg/ObjectHypothesisWithPose.l
