[35m[1mScanning dependencies of target _vision_msgs_generate_messages_check_deps_ObjectHypothesisWithPose[0m
[  0%] Built target _vision_msgs_generate_messages_check_deps_ObjectHypothesisWithPose
[35m[1mScanning dependencies of target _vision_msgs_generate_messages_check_deps_Detection2D[0m
[  0%] Built target _vision_msgs_generate_messages_check_deps_Detection2D
[35m[1mScanning dependencies of target sensor_msgs_generate_messages_cpp[0m
[  0%] Built target sensor_msgs_generate_messages_cpp
[35m[1mScanning dependencies of target _vision_msgs_generate_messages_check_deps_Detection3DArray[0m
[  0%] Built target _vision_msgs_generate_messages_check_deps_Detection3DArray
[35m[1mScanning dependencies of target _vision_msgs_generate_messages_check_deps_BoundingBox2D[0m
[  0%] Built target _vision_msgs_generate_messages_check_deps_BoundingBox2D
[35m[1mScanning dependencies of target std_msgs_generate_messages_cpp[0m
[  0%] Built target std_msgs_generate_messages_cpp
[35m[1mScanning dependencies of target _vision_msgs_generate_messages_check_deps_VisionInfo[0m
[  0%] Built target _vision_msgs_generate_messages_check_deps_VisionInfo
[35m[1mScanning dependencies of target _vision_msgs_generate_messages_check_deps_Detection3D[0m
[  0%] Built target _vision_msgs_generate_messages_check_deps_Detection3D
[35m[1mScanning dependencies of target geometry_msgs_generate_messages_cpp[0m
[  0%] Built target geometry_msgs_generate_messages_cpp
[35m[1mScanning dependencies of target _vision_msgs_generate_messages_check_deps_Classification3D[0m
[  0%] Built target _vision_msgs_generate_messages_check_deps_Classification3D
[35m[1mScanning dependencies of target _vision_msgs_generate_messages_check_deps_Classification2D[0m
[  0%] Built target _vision_msgs_generate_messages_check_deps_Classification2D
[35m[1mScanning dependencies of target _vision_msgs_generate_messages_check_deps_Detection2DArray[0m
[  0%] Built target _vision_msgs_generate_messages_check_deps_Detection2DArray
[35m[1mScanning dependencies of target _vision_msgs_generate_messages_check_deps_BoundingBox3D[0m
[  0%] Built target _vision_msgs_generate_messages_check_deps_BoundingBox3D
[35m[1mScanning dependencies of target _vision_msgs_generate_messages_check_deps_ObjectHypothesis[0m
[  0%] Built target _vision_msgs_generate_messages_check_deps_ObjectHypothesis
[35m[1mScanning dependencies of target sensor_msgs_generate_messages_nodejs[0m
[  0%] Built target sensor_msgs_generate_messages_nodejs
[35m[1mScanning dependencies of target std_msgs_generate_messages_nodejs[0m
[  0%] Built target std_msgs_generate_messages_nodejs
[35m[1mScanning dependencies of target geometry_msgs_generate_messages_nodejs[0m
[  0%] Built target geometry_msgs_generate_messages_nodejs
[35m[1mScanning dependencies of target std_msgs_generate_messages_eus[0m
[  0%] Built target std_msgs_generate_messages_eus
[35m[1mScanning dependencies of target sensor_msgs_generate_messages_eus[0m
[  0%] Built target sensor_msgs_generate_messages_eus
[35m[1mScanning dependencies of target geometry_msgs_generate_messages_eus[0m
[35m[1mScanning dependencies of target std_msgs_generate_messages_py[0m
[  0%] Built target geometry_msgs_generate_messages_eus
[  0%] Built target std_msgs_generate_messages_py
[35m[1mScanning dependencies of target sensor_msgs_generate_messages_py[0m
[  0%] Built target sensor_msgs_generate_messages_py
[35m[1mScanning dependencies of target geometry_msgs_generate_messages_py[0m
[  0%] Built target geometry_msgs_generate_messages_py
[35m[1mScanning dependencies of target std_msgs_generate_messages_lisp[0m
[  0%] Built target std_msgs_generate_messages_lisp
[35m[1mScanning dependencies of target sensor_msgs_generate_messages_lisp[0m
[35m[1mScanning dependencies of target geometry_msgs_generate_messages_lisp[0m
[  0%] Built target sensor_msgs_generate_messages_lisp
[  0%] Built target geometry_msgs_generate_messages_lisp
[35m[1mScanning dependencies of target vision_msgs_generate_messages_nodejs[0m
[35m[1mScanning dependencies of target vision_msgs_generate_messages_cpp[0m
[  1%] [34m[1mGenerating C++ code from vision_msgs/Detection3D.msg[0m
[  3%] [34m[1mGenerating Javascript code from vision_msgs/Detection3D.msg[0m
[  5%] [34m[1mGenerating Javascript code from vision_msgs/Classification2D.msg[0m
[  7%] [34m[1mGenerating Javascript code from vision_msgs/Detection2D.msg[0m
[  8%] [34m[1mGenerating C++ code from vision_msgs/Classification2D.msg[0m
[35m[1mScanning dependencies of target vision_msgs_generate_messages_eus[0m
[ 10%] [34m[1mGenerating EusLisp code from vision_msgs/Detection3D.msg[0m
[ 12%] [34m[1mGenerating Javascript code from vision_msgs/ObjectHypothesis.msg[0m
[ 14%] [34m[1mGenerating Javascript code from vision_msgs/Detection3DArray.msg[0m
[ 15%] [34m[1mGenerating EusLisp code from vision_msgs/Classification2D.msg[0m
[ 17%] [34m[1mGenerating Javascript code from vision_msgs/Classification3D.msg[0m
[35m[1mScanning dependencies of target vision_msgs_generate_messages_py[0m
[ 19%] [34m[1mGenerating Python from MSG vision_msgs/Detection3D[0m
[ 21%] [34m[1mGenerating C++ code from vision_msgs/Detection2D.msg[0m
[ 22%] [34m[1mGenerating EusLisp code from vision_msgs/Detection2D.msg[0m
[ 24%] [34m[1mGenerating Javascript code from vision_msgs/ObjectHypothesisWithPose.msg[0m
[ 26%] [34m[1mGenerating Javascript code from vision_msgs/BoundingBox3D.msg[0m
[ 28%] [34m[1mGenerating Python from MSG vision_msgs/Classification2D[0m
[ 29%] [34m[1mGenerating EusLisp code from vision_msgs/ObjectHypothesis.msg[0m
[ 31%] [34m[1mGenerating Javascript code from vision_msgs/VisionInfo.msg[0m
[ 33%] [34m[1mGenerating C++ code from vision_msgs/ObjectHypothesis.msg[0m
[ 35%] [34m[1mGenerating Javascript code from vision_msgs/BoundingBox2D.msg[0m
[ 36%] [34m[1mGenerating EusLisp code from vision_msgs/Detection3DArray.msg[0m
[ 38%] [34m[1mGenerating Python from MSG vision_msgs/Detection2D[0m
[ 40%] [34m[1mGenerating EusLisp code from vision_msgs/Classification3D.msg[0m
[ 42%] [34m[1mGenerating Javascript code from vision_msgs/Detection2DArray.msg[0m
[ 42%] Built target vision_msgs_generate_messages_nodejs
[ 43%] [34m[1mGenerating Python from MSG vision_msgs/ObjectHypothesis[0m
[35m[1mScanning dependencies of target vision_msgs_generate_messages_lisp[0m
[ 45%] [34m[1mGenerating Lisp code from vision_msgs/Detection3D.msg[0m
[ 47%] [34m[1mGenerating EusLisp code from vision_msgs/ObjectHypothesisWithPose.msg[0m
[ 49%] [34m[1mGenerating C++ code from vision_msgs/Detection3DArray.msg[0m
[ 50%] [34m[1mGenerating Lisp code from vision_msgs/Classification2D.msg[0m
[ 52%] [34m[1mGenerating EusLisp code from vision_msgs/BoundingBox3D.msg[0m
[ 54%] [34m[1mGenerating Python from MSG vision_msgs/Detection3DArray[0m
[ 56%] [34m[1mGenerating Lisp code from vision_msgs/Detection2D.msg[0m
[ 57%] [34m[1mGenerating EusLisp code from vision_msgs/VisionInfo.msg[0m
[ 59%] [34m[1mGenerating Lisp code from vision_msgs/ObjectHypothesis.msg[0m
[ 61%] [34m[1mGenerating C++ code from vision_msgs/Classification3D.msg[0m
[ 63%] [34m[1mGenerating Python from MSG vision_msgs/Classification3D[0m
[ 64%] [34m[1mGenerating Lisp code from vision_msgs/Detection3DArray.msg[0m
[ 66%] [34m[1mGenerating EusLisp code from vision_msgs/BoundingBox2D.msg[0m
[ 68%] [34m[1mGenerating Lisp code from vision_msgs/Classification3D.msg[0m
[ 70%] [34m[1mGenerating C++ code from vision_msgs/ObjectHypothesisWithPose.msg[0m
[ 71%] [34m[1mGenerating EusLisp code from vision_msgs/Detection2DArray.msg[0m
[ 73%] [34m[1mGenerating Python from MSG vision_msgs/ObjectHypothesisWithPose[0m
[ 75%] [34m[1mGenerating Lisp code from vision_msgs/ObjectHypothesisWithPose.msg[0m
[ 77%] [34m[1mGenerating EusLisp manifest code for vision_msgs[0m
[ 78%] [34m[1mGenerating Lisp code from vision_msgs/BoundingBox3D.msg[0m
[ 80%] [34m[1mGenerating C++ code from vision_msgs/BoundingBox3D.msg[0m
[ 82%] [34m[1mGenerating Lisp code from vision_msgs/VisionInfo.msg[0m
[ 84%] [34m[1mGenerating Python from MSG vision_msgs/BoundingBox3D[0m
[ 85%] [34m[1mGenerating Lisp code from vision_msgs/BoundingBox2D.msg[0m
[ 87%] [34m[1mGenerating Lisp code from vision_msgs/Detection2DArray.msg[0m
[ 89%] [34m[1mGenerating C++ code from vision_msgs/VisionInfo.msg[0m
[ 91%] [34m[1mGenerating Python from MSG vision_msgs/VisionInfo[0m
[ 91%] Built target vision_msgs_generate_messages_lisp
[ 92%] [34m[1mGenerating Python from MSG vision_msgs/BoundingBox2D[0m
[ 94%] [34m[1mGenerating Python from MSG vision_msgs/Detection2DArray[0m
[ 94%] Built target vision_msgs_generate_messages_eus
[ 96%] [34m[1mGenerating C++ code from vision_msgs/BoundingBox2D.msg[0m
[ 98%] [34m[1mGenerating C++ code from vision_msgs/Detection2DArray.msg[0m
[100%] [34m[1mGenerating Python msg __init__.py for vision_msgs[0m
[100%] Built target vision_msgs_generate_messages_cpp
[100%] Built target vision_msgs_generate_messages_py
[35m[1mScanning dependencies of target vision_msgs_generate_messages[0m
[100%] Built target vision_msgs_generate_messages
