Determining if the pthread_create exist failed with the following output:
Change Dir: /home/gianluca/Desktop/CogRob/pepper_ros/build/naoqi_tools/CMakeFiles/CMakeTmp

Run Build Command:"/usr/bin/make" "cmTC_2bd3a/fast"
/usr/bin/make -f CMakeFiles/cmTC_2bd3a.dir/build.make CMakeFiles/cmTC_2bd3a.dir/build
make[1]: Entering directory '/home/gianluca/Desktop/CogRob/pepper_ros/build/naoqi_tools/CMakeFiles/CMakeTmp'
Building C object CMakeFiles/cmTC_2bd3a.dir/CheckSymbolExists.c.o
/usr/bin/cc    -o CMakeFiles/cmTC_2bd3a.dir/CheckSymbolExists.c.o   -c /home/gianluca/Desktop/CogRob/pepper_ros/build/naoqi_tools/CMakeFiles/CMakeTmp/CheckSymbolExists.c
Linking C executable cmTC_2bd3a
/usr/bin/cmake -E cmake_link_script CMakeFiles/cmTC_2bd3a.dir/link.txt --verbose=1
/usr/bin/cc      -rdynamic CMakeFiles/cmTC_2bd3a.dir/CheckSymbolExists.c.o  -o cmTC_2bd3a 
CMakeFiles/cmTC_2bd3a.dir/CheckSymbolExists.c.o: In function `main':
CheckSymbolExists.c:(.text+0x1b): undefined reference to `pthread_create'
collect2: error: ld returned 1 exit status
CMakeFiles/cmTC_2bd3a.dir/build.make:97: recipe for target 'cmTC_2bd3a' failed
make[1]: *** [cmTC_2bd3a] Error 1
make[1]: Leaving directory '/home/gianluca/Desktop/CogRob/pepper_ros/build/naoqi_tools/CMakeFiles/CMakeTmp'
Makefile:126: recipe for target 'cmTC_2bd3a/fast' failed
make: *** [cmTC_2bd3a/fast] Error 2

File /home/gianluca/Desktop/CogRob/pepper_ros/build/naoqi_tools/CMakeFiles/CMakeTmp/CheckSymbolExists.c:
/* */
#include <pthread.h>

int main(int argc, char** argv)
{
  (void)argv;
#ifndef pthread_create
  return ((int*)(&pthread_create))[argc];
#else
  (void)argc;
  return 0;
#endif
}

Determining if the function pthread_create exists in the pthreads failed with the following output:
Change Dir: /home/gianluca/Desktop/CogRob/pepper_ros/build/naoqi_tools/CMakeFiles/CMakeTmp

Run Build Command:"/usr/bin/make" "cmTC_15229/fast"
/usr/bin/make -f CMakeFiles/cmTC_15229.dir/build.make CMakeFiles/cmTC_15229.dir/build
make[1]: Entering directory '/home/gianluca/Desktop/CogRob/pepper_ros/build/naoqi_tools/CMakeFiles/CMakeTmp'
Building C object CMakeFiles/cmTC_15229.dir/CheckFunctionExists.c.o
/usr/bin/cc   -DCHECK_FUNCTION_EXISTS=pthread_create   -o CMakeFiles/cmTC_15229.dir/CheckFunctionExists.c.o   -c /usr/share/cmake-3.10/Modules/CheckFunctionExists.c
Linking C executable cmTC_15229
/usr/bin/cmake -E cmake_link_script CMakeFiles/cmTC_15229.dir/link.txt --verbose=1
/usr/bin/cc  -DCHECK_FUNCTION_EXISTS=pthread_create    -rdynamic CMakeFiles/cmTC_15229.dir/CheckFunctionExists.c.o  -o cmTC_15229 -lpthreads 
/usr/bin/ld: cannot find -lpthreads
collect2: error: ld returned 1 exit status
CMakeFiles/cmTC_15229.dir/build.make:97: recipe for target 'cmTC_15229' failed
make[1]: *** [cmTC_15229] Error 1
make[1]: Leaving directory '/home/gianluca/Desktop/CogRob/pepper_ros/build/naoqi_tools/CMakeFiles/CMakeTmp'
Makefile:126: recipe for target 'cmTC_15229/fast' failed
make: *** [cmTC_15229/fast] Error 2


