Determining if the pthread_create exist failed with the following output:
Change Dir: /home/gianluca/Desktop/CogRob/pepper_ros/build/naoqi_apps/CMakeFiles/CMakeTmp

Run Build Command:"/usr/bin/make" "cmTC_be0cc/fast"
/usr/bin/make -f CMakeFiles/cmTC_be0cc.dir/build.make CMakeFiles/cmTC_be0cc.dir/build
make[1]: Entering directory '/home/gianluca/Desktop/CogRob/pepper_ros/build/naoqi_apps/CMakeFiles/CMakeTmp'
Building C object CMakeFiles/cmTC_be0cc.dir/CheckSymbolExists.c.o
/usr/bin/cc    -o CMakeFiles/cmTC_be0cc.dir/CheckSymbolExists.c.o   -c /home/gianluca/Desktop/CogRob/pepper_ros/build/naoqi_apps/CMakeFiles/CMakeTmp/CheckSymbolExists.c
Linking C executable cmTC_be0cc
/usr/bin/cmake -E cmake_link_script CMakeFiles/cmTC_be0cc.dir/link.txt --verbose=1
/usr/bin/cc      -rdynamic CMakeFiles/cmTC_be0cc.dir/CheckSymbolExists.c.o  -o cmTC_be0cc 
CMakeFiles/cmTC_be0cc.dir/CheckSymbolExists.c.o: In function `main':
CheckSymbolExists.c:(.text+0x1b): undefined reference to `pthread_create'
collect2: error: ld returned 1 exit status
CMakeFiles/cmTC_be0cc.dir/build.make:97: recipe for target 'cmTC_be0cc' failed
make[1]: *** [cmTC_be0cc] Error 1
make[1]: Leaving directory '/home/gianluca/Desktop/CogRob/pepper_ros/build/naoqi_apps/CMakeFiles/CMakeTmp'
Makefile:126: recipe for target 'cmTC_be0cc/fast' failed
make: *** [cmTC_be0cc/fast] Error 2

File /home/gianluca/Desktop/CogRob/pepper_ros/build/naoqi_apps/CMakeFiles/CMakeTmp/CheckSymbolExists.c:
/* */
#include <pthread.h>

int main(int argc, char** argv)
{
  (void)argv;
#ifndef pthread_create
  return ((int*)(&pthread_create))[argc];
#else
  (void)argc;
  return 0;
#endif
}

Determining if the function pthread_create exists in the pthreads failed with the following output:
Change Dir: /home/gianluca/Desktop/CogRob/pepper_ros/build/naoqi_apps/CMakeFiles/CMakeTmp

Run Build Command:"/usr/bin/make" "cmTC_70c74/fast"
/usr/bin/make -f CMakeFiles/cmTC_70c74.dir/build.make CMakeFiles/cmTC_70c74.dir/build
make[1]: Entering directory '/home/gianluca/Desktop/CogRob/pepper_ros/build/naoqi_apps/CMakeFiles/CMakeTmp'
Building C object CMakeFiles/cmTC_70c74.dir/CheckFunctionExists.c.o
/usr/bin/cc   -DCHECK_FUNCTION_EXISTS=pthread_create   -o CMakeFiles/cmTC_70c74.dir/CheckFunctionExists.c.o   -c /usr/share/cmake-3.10/Modules/CheckFunctionExists.c
Linking C executable cmTC_70c74
/usr/bin/cmake -E cmake_link_script CMakeFiles/cmTC_70c74.dir/link.txt --verbose=1
/usr/bin/cc  -DCHECK_FUNCTION_EXISTS=pthread_create    -rdynamic CMakeFiles/cmTC_70c74.dir/CheckFunctionExists.c.o  -o cmTC_70c74 -lpthreads 
/usr/bin/ld: cannot find -lpthreads
collect2: error: ld returned 1 exit status
CMakeFiles/cmTC_70c74.dir/build.make:97: recipe for target 'cmTC_70c74' failed
make[1]: *** [cmTC_70c74] Error 1
make[1]: Leaving directory '/home/gianluca/Desktop/CogRob/pepper_ros/build/naoqi_apps/CMakeFiles/CMakeTmp'
Makefile:126: recipe for target 'cmTC_70c74/fast' failed
make: *** [cmTC_70c74/fast] Error 2


