Linked: (/home/gianluca/Desktop/CogRob/pepper_ros/devel/.private/detect_srv/share/roseus/ros/detect_srv/manifest.l, /home/gianluca/Desktop/CogRob/pepper_ros/devel/share/roseus/ros/detect_srv/manifest.l)
Linked: (/home/gianluca/Desktop/CogRob/pepper_ros/devel/.private/detect_srv/share/roseus/ros/detect_srv/srv/Detect.l, /home/gianluca/Desktop/CogRob/pepper_ros/devel/share/roseus/ros/detect_srv/srv/Detect.l)
Linked: (/home/gianluca/Desktop/CogRob/pepper_ros/devel/.private/detect_srv/share/gennodejs/ros/detect_srv/_index.js, /home/gianluca/Desktop/CogRob/pepper_ros/devel/share/gennodejs/ros/detect_srv/_index.js)
Linked: (/home/gianluca/Desktop/CogRob/pepper_ros/devel/.private/detect_srv/share/gennodejs/ros/detect_srv/srv/_index.js, /home/gianluca/Desktop/CogRob/pepper_ros/devel/share/gennodejs/ros/detect_srv/srv/_index.js)
Linked: (/home/gianluca/Desktop/CogRob/pepper_ros/devel/.private/detect_srv/share/gennodejs/ros/detect_srv/srv/Detect.js, /home/gianluca/Desktop/CogRob/pepper_ros/devel/share/gennodejs/ros/detect_srv/srv/Detect.js)
Linked: (/home/gianluca/Desktop/CogRob/pepper_ros/devel/.private/detect_srv/share/common-lisp/ros/detect_srv/srv/detect_srv-srv.asd, /home/gianluca/Desktop/CogRob/pepper_ros/devel/share/common-lisp/ros/detect_srv/srv/detect_srv-srv.asd)
Linked: (/home/gianluca/Desktop/CogRob/pepper_ros/devel/.private/detect_srv/share/common-lisp/ros/detect_srv/srv/Detect.lisp, /home/gianluca/Desktop/CogRob/pepper_ros/devel/share/common-lisp/ros/detect_srv/srv/Detect.lisp)
Linked: (/home/gianluca/Desktop/CogRob/pepper_ros/devel/.private/detect_srv/share/common-lisp/ros/detect_srv/srv/_package_Detect.lisp, /home/gianluca/Desktop/CogRob/pepper_ros/devel/share/common-lisp/ros/detect_srv/srv/_package_Detect.lisp)
Linked: (/home/gianluca/Desktop/CogRob/pepper_ros/devel/.private/detect_srv/share/common-lisp/ros/detect_srv/srv/_package.lisp, /home/gianluca/Desktop/CogRob/pepper_ros/devel/share/common-lisp/ros/detect_srv/srv/_package.lisp)
Linked: (/home/gianluca/Desktop/CogRob/pepper_ros/devel/.private/detect_srv/share/detect_srv/cmake/detect_srvConfig-version.cmake, /home/gianluca/Desktop/CogRob/pepper_ros/devel/share/detect_srv/cmake/detect_srvConfig-version.cmake)
Linked: (/home/gianluca/Desktop/CogRob/pepper_ros/devel/.private/detect_srv/share/detect_srv/cmake/detect_srv-msg-paths.cmake, /home/gianluca/Desktop/CogRob/pepper_ros/devel/share/detect_srv/cmake/detect_srv-msg-paths.cmake)
Linked: (/home/gianluca/Desktop/CogRob/pepper_ros/devel/.private/detect_srv/share/detect_srv/cmake/detect_srvConfig.cmake, /home/gianluca/Desktop/CogRob/pepper_ros/devel/share/detect_srv/cmake/detect_srvConfig.cmake)
Linked: (/home/gianluca/Desktop/CogRob/pepper_ros/devel/.private/detect_srv/share/detect_srv/cmake/detect_srv-msg-extras.cmake, /home/gianluca/Desktop/CogRob/pepper_ros/devel/share/detect_srv/cmake/detect_srv-msg-extras.cmake)
Linked: (/home/gianluca/Desktop/CogRob/pepper_ros/devel/.private/detect_srv/lib/python2.7/dist-packages/detect_srv/__init__.py, /home/gianluca/Desktop/CogRob/pepper_ros/devel/lib/python2.7/dist-packages/detect_srv/__init__.py)
Linked: (/home/gianluca/Desktop/CogRob/pepper_ros/devel/.private/detect_srv/lib/python2.7/dist-packages/detect_srv/srv/_Detect.py, /home/gianluca/Desktop/CogRob/pepper_ros/devel/lib/python2.7/dist-packages/detect_srv/srv/_Detect.py)
Linked: (/home/gianluca/Desktop/CogRob/pepper_ros/devel/.private/detect_srv/lib/python2.7/dist-packages/detect_srv/srv/__init__.py, /home/gianluca/Desktop/CogRob/pepper_ros/devel/lib/python2.7/dist-packages/detect_srv/srv/__init__.py)
Linked: (/home/gianluca/Desktop/CogRob/pepper_ros/devel/.private/detect_srv/lib/pkgconfig/detect_srv.pc, /home/gianluca/Desktop/CogRob/pepper_ros/devel/lib/pkgconfig/detect_srv.pc)
Linked: (/home/gianluca/Desktop/CogRob/pepper_ros/devel/.private/detect_srv/include/detect_srv/DetectRequest.h, /home/gianluca/Desktop/CogRob/pepper_ros/devel/include/detect_srv/DetectRequest.h)
Linked: (/home/gianluca/Desktop/CogRob/pepper_ros/devel/.private/detect_srv/include/detect_srv/DetectResponse.h, /home/gianluca/Desktop/CogRob/pepper_ros/devel/include/detect_srv/DetectResponse.h)
Linked: (/home/gianluca/Desktop/CogRob/pepper_ros/devel/.private/detect_srv/include/detect_srv/Detect.h, /home/gianluca/Desktop/CogRob/pepper_ros/devel/include/detect_srv/Detect.h)
