Symlinking /home/gianluca/Desktop/CogRob/pepper_ros/devel/share/roseus/ros/detect_srv/manifest.l
Symlinking /home/gianluca/Desktop/CogRob/pepper_ros/devel/share/roseus/ros/detect_srv/srv/Detect.l
Symlinking /home/gianluca/Desktop/CogRob/pepper_ros/devel/share/gennodejs/ros/detect_srv/_index.js
Symlinking /home/gianluca/Desktop/CogRob/pepper_ros/devel/share/gennodejs/ros/detect_srv/srv/_index.js
Symlinking /home/gianluca/Desktop/CogRob/pepper_ros/devel/share/gennodejs/ros/detect_srv/srv/Detect.js
Symlinking /home/gianluca/Desktop/CogRob/pepper_ros/devel/share/common-lisp/ros/detect_srv/srv/detect_srv-srv.asd
Symlinking /home/gianluca/Desktop/CogRob/pepper_ros/devel/share/common-lisp/ros/detect_srv/srv/Detect.lisp
Symlinking /home/gianluca/Desktop/CogRob/pepper_ros/devel/share/common-lisp/ros/detect_srv/srv/_package_Detect.lisp
Symlinking /home/gianluca/Desktop/CogRob/pepper_ros/devel/share/common-lisp/ros/detect_srv/srv/_package.lisp
Symlinking /home/gianluca/Desktop/CogRob/pepper_ros/devel/share/detect_srv/cmake/detect_srvConfig-version.cmake
Symlinking /home/gianluca/Desktop/CogRob/pepper_ros/devel/share/detect_srv/cmake/detect_srv-msg-paths.cmake
Symlinking /home/gianluca/Desktop/CogRob/pepper_ros/devel/share/detect_srv/cmake/detect_srvConfig.cmake
Symlinking /home/gianluca/Desktop/CogRob/pepper_ros/devel/share/detect_srv/cmake/detect_srv-msg-extras.cmake
Symlinking /home/gianluca/Desktop/CogRob/pepper_ros/devel/lib/python2.7/dist-packages/detect_srv/__init__.py
Symlinking /home/gianluca/Desktop/CogRob/pepper_ros/devel/lib/python2.7/dist-packages/detect_srv/srv/_Detect.py
Symlinking /home/gianluca/Desktop/CogRob/pepper_ros/devel/lib/python2.7/dist-packages/detect_srv/srv/__init__.py
Symlinking /home/gianluca/Desktop/CogRob/pepper_ros/devel/lib/pkgconfig/detect_srv.pc
Symlinking /home/gianluca/Desktop/CogRob/pepper_ros/devel/include/detect_srv/DetectRequest.h
Symlinking /home/gianluca/Desktop/CogRob/pepper_ros/devel/include/detect_srv/DetectResponse.h
Symlinking /home/gianluca/Desktop/CogRob/pepper_ros/devel/include/detect_srv/Detect.h
