[35m[1mScanning dependencies of target _take_pic_srv_generate_messages_check_deps_TakePic[0m
[35m[1mScanning dependencies of target sensor_msgs_generate_messages_nodejs[0m
[35m[1mScanning dependencies of target sensor_msgs_generate_messages_py[0m
[35m[1mScanning dependencies of target sensor_msgs_generate_messages_cpp[0m
[  0%] Built target sensor_msgs_generate_messages_nodejs
[  0%] Built target sensor_msgs_generate_messages_cpp
[  0%] Built target sensor_msgs_generate_messages_py
[35m[1mScanning dependencies of target sensor_msgs_generate_messages_lisp[0m
[35m[1mScanning dependencies of target sensor_msgs_generate_messages_eus[0m
[  0%] Built target sensor_msgs_generate_messages_lisp
[  0%] Built target sensor_msgs_generate_messages_eus
[  0%] Built target _take_pic_srv_generate_messages_check_deps_TakePic
[35m[1mScanning dependencies of target take_pic_srv_generate_messages_nodejs[0m
[35m[1mScanning dependencies of target take_pic_srv_generate_messages_lisp[0m
[35m[1mScanning dependencies of target take_pic_srv_generate_messages_py[0m
[35m[1mScanning dependencies of target take_pic_srv_generate_messages_cpp[0m
[ 14%] [34m[1mGenerating Lisp code from take_pic_srv/TakePic.srv[0m
[ 28%] [34m[1mGenerating Javascript code from take_pic_srv/TakePic.srv[0m
[ 42%] [34m[1mGenerating Python code from SRV take_pic_srv/TakePic[0m
[ 57%] [34m[1mGenerating C++ code from take_pic_srv/TakePic.srv[0m
[ 57%] Built target take_pic_srv_generate_messages_nodejs
[ 57%] Built target take_pic_srv_generate_messages_lisp
[35m[1mScanning dependencies of target take_pic_srv_generate_messages_eus[0m
[ 71%] [34m[1mGenerating EusLisp code from take_pic_srv/TakePic.srv[0m
[ 85%] [34m[1mGenerating EusLisp manifest code for take_pic_srv[0m
[100%] [34m[1mGenerating Python srv __init__.py for take_pic_srv[0m
[100%] Built target take_pic_srv_generate_messages_py
[100%] Built target take_pic_srv_generate_messages_cpp
[100%] Built target take_pic_srv_generate_messages_eus
[35m[1mScanning dependencies of target take_pic_srv_generate_messages[0m
[100%] Built target take_pic_srv_generate_messages
