Linked: (/home/gianluca/Desktop/CogRob/pepper_ros/devel/.private/take_pic_srv/share/roseus/ros/take_pic_srv/manifest.l, /home/gianluca/Desktop/CogRob/pepper_ros/devel/share/roseus/ros/take_pic_srv/manifest.l)
Linked: (/home/gianluca/Desktop/CogRob/pepper_ros/devel/.private/take_pic_srv/share/roseus/ros/take_pic_srv/srv/TakePic.l, /home/gianluca/Desktop/CogRob/pepper_ros/devel/share/roseus/ros/take_pic_srv/srv/TakePic.l)
Linked: (/home/gianluca/Desktop/CogRob/pepper_ros/devel/.private/take_pic_srv/share/gennodejs/ros/take_pic_srv/_index.js, /home/gianluca/Desktop/CogRob/pepper_ros/devel/share/gennodejs/ros/take_pic_srv/_index.js)
Linked: (/home/gianluca/Desktop/CogRob/pepper_ros/devel/.private/take_pic_srv/share/gennodejs/ros/take_pic_srv/srv/TakePic.js, /home/gianluca/Desktop/CogRob/pepper_ros/devel/share/gennodejs/ros/take_pic_srv/srv/TakePic.js)
Linked: (/home/gianluca/Desktop/CogRob/pepper_ros/devel/.private/take_pic_srv/share/gennodejs/ros/take_pic_srv/srv/_index.js, /home/gianluca/Desktop/CogRob/pepper_ros/devel/share/gennodejs/ros/take_pic_srv/srv/_index.js)
Linked: (/home/gianluca/Desktop/CogRob/pepper_ros/devel/.private/take_pic_srv/share/common-lisp/ros/take_pic_srv/srv/_package_TakePic.lisp, /home/gianluca/Desktop/CogRob/pepper_ros/devel/share/common-lisp/ros/take_pic_srv/srv/_package_TakePic.lisp)
Linked: (/home/gianluca/Desktop/CogRob/pepper_ros/devel/.private/take_pic_srv/share/common-lisp/ros/take_pic_srv/srv/take_pic_srv-srv.asd, /home/gianluca/Desktop/CogRob/pepper_ros/devel/share/common-lisp/ros/take_pic_srv/srv/take_pic_srv-srv.asd)
Linked: (/home/gianluca/Desktop/CogRob/pepper_ros/devel/.private/take_pic_srv/share/common-lisp/ros/take_pic_srv/srv/_package.lisp, /home/gianluca/Desktop/CogRob/pepper_ros/devel/share/common-lisp/ros/take_pic_srv/srv/_package.lisp)
Linked: (/home/gianluca/Desktop/CogRob/pepper_ros/devel/.private/take_pic_srv/share/common-lisp/ros/take_pic_srv/srv/TakePic.lisp, /home/gianluca/Desktop/CogRob/pepper_ros/devel/share/common-lisp/ros/take_pic_srv/srv/TakePic.lisp)
Linked: (/home/gianluca/Desktop/CogRob/pepper_ros/devel/.private/take_pic_srv/share/take_pic_srv/cmake/take_pic_srv-msg-paths.cmake, /home/gianluca/Desktop/CogRob/pepper_ros/devel/share/take_pic_srv/cmake/take_pic_srv-msg-paths.cmake)
Linked: (/home/gianluca/Desktop/CogRob/pepper_ros/devel/.private/take_pic_srv/share/take_pic_srv/cmake/take_pic_srvConfig-version.cmake, /home/gianluca/Desktop/CogRob/pepper_ros/devel/share/take_pic_srv/cmake/take_pic_srvConfig-version.cmake)
Linked: (/home/gianluca/Desktop/CogRob/pepper_ros/devel/.private/take_pic_srv/share/take_pic_srv/cmake/take_pic_srv-msg-extras.cmake, /home/gianluca/Desktop/CogRob/pepper_ros/devel/share/take_pic_srv/cmake/take_pic_srv-msg-extras.cmake)
Linked: (/home/gianluca/Desktop/CogRob/pepper_ros/devel/.private/take_pic_srv/share/take_pic_srv/cmake/take_pic_srvConfig.cmake, /home/gianluca/Desktop/CogRob/pepper_ros/devel/share/take_pic_srv/cmake/take_pic_srvConfig.cmake)
Linked: (/home/gianluca/Desktop/CogRob/pepper_ros/devel/.private/take_pic_srv/lib/python2.7/dist-packages/take_pic_srv/__init__.py, /home/gianluca/Desktop/CogRob/pepper_ros/devel/lib/python2.7/dist-packages/take_pic_srv/__init__.py)
Linked: (/home/gianluca/Desktop/CogRob/pepper_ros/devel/.private/take_pic_srv/lib/python2.7/dist-packages/take_pic_srv/srv/_TakePic.py, /home/gianluca/Desktop/CogRob/pepper_ros/devel/lib/python2.7/dist-packages/take_pic_srv/srv/_TakePic.py)
Linked: (/home/gianluca/Desktop/CogRob/pepper_ros/devel/.private/take_pic_srv/lib/python2.7/dist-packages/take_pic_srv/srv/__init__.py, /home/gianluca/Desktop/CogRob/pepper_ros/devel/lib/python2.7/dist-packages/take_pic_srv/srv/__init__.py)
Linked: (/home/gianluca/Desktop/CogRob/pepper_ros/devel/.private/take_pic_srv/lib/pkgconfig/take_pic_srv.pc, /home/gianluca/Desktop/CogRob/pepper_ros/devel/lib/pkgconfig/take_pic_srv.pc)
Linked: (/home/gianluca/Desktop/CogRob/pepper_ros/devel/.private/take_pic_srv/include/take_pic_srv/TakePicResponse.h, /home/gianluca/Desktop/CogRob/pepper_ros/devel/include/take_pic_srv/TakePicResponse.h)
Linked: (/home/gianluca/Desktop/CogRob/pepper_ros/devel/.private/take_pic_srv/include/take_pic_srv/TakePicRequest.h, /home/gianluca/Desktop/CogRob/pepper_ros/devel/include/take_pic_srv/TakePicRequest.h)
Linked: (/home/gianluca/Desktop/CogRob/pepper_ros/devel/.private/take_pic_srv/include/take_pic_srv/TakePic.h, /home/gianluca/Desktop/CogRob/pepper_ros/devel/include/take_pic_srv/TakePic.h)
