Symlinking /home/mivia/CognitiveRobotics/pepper_ros/devel/lib/python2.7/dist-packages/take_pic_srv/__init__.py
Symlinking /home/mivia/CognitiveRobotics/pepper_ros/devel/lib/python2.7/dist-packages/take_pic_srv/srv/_TakePic.py
Symlinking /home/mivia/CognitiveRobotics/pepper_ros/devel/lib/python2.7/dist-packages/take_pic_srv/srv/__init__.py
Symlinking /home/mivia/CognitiveRobotics/pepper_ros/devel/lib/pkgconfig/take_pic_srv.pc
Symlinking /home/mivia/CognitiveRobotics/pepper_ros/devel/include/take_pic_srv/TakePicRequest.h
Symlinking /home/mivia/CognitiveRobotics/pepper_ros/devel/include/take_pic_srv/TakePicResponse.h
Symlinking /home/mivia/CognitiveRobotics/pepper_ros/devel/include/take_pic_srv/TakePic.h
Symlinking /home/mivia/CognitiveRobotics/pepper_ros/devel/share/gennodejs/ros/take_pic_srv/_index.js
Symlinking /home/mivia/CognitiveRobotics/pepper_ros/devel/share/gennodejs/ros/take_pic_srv/srv/_index.js
Symlinking /home/mivia/CognitiveRobotics/pepper_ros/devel/share/gennodejs/ros/take_pic_srv/srv/TakePic.js
Symlinking /home/mivia/CognitiveRobotics/pepper_ros/devel/share/common-lisp/ros/take_pic_srv/srv/_package_TakePic.lisp
Symlinking /home/mivia/CognitiveRobotics/pepper_ros/devel/share/common-lisp/ros/take_pic_srv/srv/_package.lisp
Symlinking /home/mivia/CognitiveRobotics/pepper_ros/devel/share/common-lisp/ros/take_pic_srv/srv/take_pic_srv-srv.asd
Symlinking /home/mivia/CognitiveRobotics/pepper_ros/devel/share/common-lisp/ros/take_pic_srv/srv/TakePic.lisp
Symlinking /home/mivia/CognitiveRobotics/pepper_ros/devel/share/roseus/ros/take_pic_srv/manifest.l
Symlinking /home/mivia/CognitiveRobotics/pepper_ros/devel/share/roseus/ros/take_pic_srv/srv/TakePic.l
Symlinking /home/mivia/CognitiveRobotics/pepper_ros/devel/share/take_pic_srv/cmake/take_pic_srvConfig-version.cmake
Symlinking /home/mivia/CognitiveRobotics/pepper_ros/devel/share/take_pic_srv/cmake/take_pic_srv-msg-extras.cmake
Symlinking /home/mivia/CognitiveRobotics/pepper_ros/devel/share/take_pic_srv/cmake/take_pic_srv-msg-paths.cmake
Symlinking /home/mivia/CognitiveRobotics/pepper_ros/devel/share/take_pic_srv/cmake/take_pic_srvConfig.cmake
