Determining if the pthread_create exist failed with the following output:
Change Dir: /home/gianluca/Desktop/Università/CogRob/pepper_ros/pepper_ros/build/movement_controller/CMakeFiles/CMakeTmp

Run Build Command:"/usr/bin/make" "cmTC_2e8ae/fast"
/usr/bin/make -f CMakeFiles/cmTC_2e8ae.dir/build.make CMakeFiles/cmTC_2e8ae.dir/build
make[1]: Entering directory '/home/gianluca/Desktop/Università/CogRob/pepper_ros/pepper_ros/build/movement_controller/CMakeFiles/CMakeTmp'
Building C object CMakeFiles/cmTC_2e8ae.dir/CheckSymbolExists.c.o
/usr/bin/cc    -o CMakeFiles/cmTC_2e8ae.dir/CheckSymbolExists.c.o   -c /home/gianluca/Desktop/Università/CogRob/pepper_ros/pepper_ros/build/movement_controller/CMakeFiles/CMakeTmp/CheckSymbolExists.c
Linking C executable cmTC_2e8ae
/usr/bin/cmake -E cmake_link_script CMakeFiles/cmTC_2e8ae.dir/link.txt --verbose=1
/usr/bin/cc      -rdynamic CMakeFiles/cmTC_2e8ae.dir/CheckSymbolExists.c.o  -o cmTC_2e8ae 
CMakeFiles/cmTC_2e8ae.dir/CheckSymbolExists.c.o: In function `main':
CheckSymbolExists.c:(.text+0x1b): undefined reference to `pthread_create'
collect2: error: ld returned 1 exit status
CMakeFiles/cmTC_2e8ae.dir/build.make:97: recipe for target 'cmTC_2e8ae' failed
make[1]: *** [cmTC_2e8ae] Error 1
make[1]: Leaving directory '/home/gianluca/Desktop/Università/CogRob/pepper_ros/pepper_ros/build/movement_controller/CMakeFiles/CMakeTmp'
Makefile:126: recipe for target 'cmTC_2e8ae/fast' failed
make: *** [cmTC_2e8ae/fast] Error 2

File /home/gianluca/Desktop/Università/CogRob/pepper_ros/pepper_ros/build/movement_controller/CMakeFiles/CMakeTmp/CheckSymbolExists.c:
/* */
#include <pthread.h>

int main(int argc, char** argv)
{
  (void)argv;
#ifndef pthread_create
  return ((int*)(&pthread_create))[argc];
#else
  (void)argc;
  return 0;
#endif
}

Determining if the function pthread_create exists in the pthreads failed with the following output:
Change Dir: /home/gianluca/Desktop/Università/CogRob/pepper_ros/pepper_ros/build/movement_controller/CMakeFiles/CMakeTmp

Run Build Command:"/usr/bin/make" "cmTC_314f9/fast"
/usr/bin/make -f CMakeFiles/cmTC_314f9.dir/build.make CMakeFiles/cmTC_314f9.dir/build
make[1]: Entering directory '/home/gianluca/Desktop/Università/CogRob/pepper_ros/pepper_ros/build/movement_controller/CMakeFiles/CMakeTmp'
Building C object CMakeFiles/cmTC_314f9.dir/CheckFunctionExists.c.o
/usr/bin/cc   -DCHECK_FUNCTION_EXISTS=pthread_create   -o CMakeFiles/cmTC_314f9.dir/CheckFunctionExists.c.o   -c /usr/share/cmake-3.10/Modules/CheckFunctionExists.c
Linking C executable cmTC_314f9
/usr/bin/cmake -E cmake_link_script CMakeFiles/cmTC_314f9.dir/link.txt --verbose=1
/usr/bin/cc  -DCHECK_FUNCTION_EXISTS=pthread_create    -rdynamic CMakeFiles/cmTC_314f9.dir/CheckFunctionExists.c.o  -o cmTC_314f9 -lpthreads 
/usr/bin/ld: cannot find -lpthreads
collect2: error: ld returned 1 exit status
CMakeFiles/cmTC_314f9.dir/build.make:97: recipe for target 'cmTC_314f9' failed
make[1]: *** [cmTC_314f9] Error 1
make[1]: Leaving directory '/home/gianluca/Desktop/Università/CogRob/pepper_ros/pepper_ros/build/movement_controller/CMakeFiles/CMakeTmp'
Makefile:126: recipe for target 'cmTC_314f9/fast' failed
make: *** [cmTC_314f9/fast] Error 2


